<?xml version="1.0" encoding="utf-8"?>
<CoverageSession xmlns:xsd="http://www.w3.org/2001/XMLSchema" xmlns:xsi="http://www.w3.org/2001/XMLSchema-instance" Version="4.7.922.0">
  <Summary numSequencePoints="385" visitedSequencePoints="228" numBranchPoints="102" visitedBranchPoints="69" sequenceCoverage="59.22" branchCoverage="67.65" maxCyclomaticComplexity="5" minCyclomaticComplexity="1" maxCrapScore="30" minCrapScore="1" visitedClasses="4" numClasses="5" visitedMethods="46" numMethods="52" />
  <Modules>
    <Module hash="95-A6-66-44-06-1B-D0-64-EE-8F-AC-46-58-40-55-2C-21-10-95-DB">
      <Summary numSequencePoints="87" visitedSequencePoints="86" numBranchPoints="19" visitedBranchPoints="19" sequenceCoverage="98.85" branchCoverage="100" maxCyclomaticComplexity="1" minCyclomaticComplexity="1" maxCrapScore="2" minCrapScore="1" visitedClasses="2" numClasses="2" visitedMethods="19" numMethods="19" />
      <ModulePath>C:\Users\Girls\source\repos\TestCarParking\bin\Debug\fine-code-coverage\build-output\TestCarParking.dll</ModulePath>
      <ModuleTime>2024-02-04T05:13:58.0182363Z</ModuleTime>
      <ModuleName>TestCarParking</ModuleName>
      <Files>
        <File uid="1" fullPath="C:\Users\Girls\source\repos\TestCarParking\UnitTest1.cs" />
      </Files>
      <Classes>
        <Class>
          <Summary numSequencePoints="84" visitedSequencePoints="84" numBranchPoints="18" visitedBranchPoints="18" sequenceCoverage="100" branchCoverage="100" maxCyclomaticComplexity="1" minCyclomaticComplexity="1" maxCrapScore="2" minCrapScore="1" visitedClasses="1" numClasses="1" visitedMethods="18" numMethods="18" />
          <FullName>TestCarParking.UnitTest1</FullName>
          <Methods>
            <Method visited="true" cyclomaticComplexity="1" nPathComplexity="0" sequenceCoverage="100" branchCoverage="100" crapScore="1" isConstructor="false" isStatic="false" isGetter="false" isSetter="false">
              <Summary numSequencePoints="4" visitedSequencePoints="4" numBranchPoints="1" visitedBranchPoints="1" sequenceCoverage="100" branchCoverage="100" maxCyclomaticComplexity="1" minCyclomaticComplexity="1" maxCrapScore="1" minCrapScore="1" visitedClasses="0" numClasses="0" visitedMethods="1" numMethods="1" />
              <MetadataToken>100663297</MetadataToken>
              <Name>System.Void TestCarParking.UnitTest1::TestDefaultConstructor()</Name>
              <FileRef uid="1" />
              <SequencePoints>
                <SequencePoint vc="1" uspid="1" ordinal="0" offset="0" sl="12" sc="9" el="12" ec="10" bec="0" bev="0" fileid="1" />
                <SequencePoint vc="1" uspid="2" ordinal="1" offset="1" sl="13" sc="13" el="13" ec="46" bec="0" bev="0" fileid="1" />
                <SequencePoint vc="1" uspid="3" ordinal="2" offset="7" sl="15" sc="13" el="15" ec="55" bec="0" bev="0" fileid="1" />
                <SequencePoint vc="1" uspid="4" ordinal="3" offset="21" sl="16" sc="9" el="16" ec="10" bec="0" bev="0" fileid="1" />
              </SequencePoints>
              <BranchPoints />
              <MethodPoint xsi:type="SequencePoint" vc="1" uspid="1" ordinal="0" offset="0" sl="12" sc="9" el="12" ec="10" bec="0" bev="0" fileid="1" />
            </Method>
            <Method visited="true" cyclomaticComplexity="1" nPathComplexity="0" sequenceCoverage="100" branchCoverage="100" crapScore="1" isConstructor="false" isStatic="false" isGetter="false" isSetter="false">
              <Summary numSequencePoints="4" visitedSequencePoints="4" numBranchPoints="1" visitedBranchPoints="1" sequenceCoverage="100" branchCoverage="100" maxCyclomaticComplexity="1" minCyclomaticComplexity="1" maxCrapScore="1" minCrapScore="1" visitedClasses="0" numClasses="0" visitedMethods="1" numMethods="1" />
              <MetadataToken>100663298</MetadataToken>
              <Name>System.Void TestCarParking.UnitTest1::TestNumSlots()</Name>
              <FileRef uid="1" />
              <SequencePoints>
                <SequencePoint vc="1" uspid="5" ordinal="0" offset="0" sl="20" sc="9" el="20" ec="10" bec="0" bev="0" fileid="1" />
                <SequencePoint vc="1" uspid="6" ordinal="1" offset="1" sl="21" sc="13" el="21" ec="50" bec="0" bev="0" fileid="1" />
                <SequencePoint vc="1" uspid="7" ordinal="2" offset="9" sl="23" sc="13" el="23" ec="55" bec="0" bev="0" fileid="1" />
                <SequencePoint vc="1" uspid="8" ordinal="3" offset="23" sl="24" sc="9" el="24" ec="10" bec="0" bev="0" fileid="1" />
              </SequencePoints>
              <BranchPoints />
              <MethodPoint xsi:type="SequencePoint" vc="1" uspid="5" ordinal="0" offset="0" sl="20" sc="9" el="20" ec="10" bec="0" bev="0" fileid="1" />
            </Method>
            <Method visited="true" cyclomaticComplexity="1" nPathComplexity="0" sequenceCoverage="100" branchCoverage="100" crapScore="1" isConstructor="false" isStatic="false" isGetter="false" isSetter="false">
              <Summary numSequencePoints="4" visitedSequencePoints="4" numBranchPoints="1" visitedBranchPoints="1" sequenceCoverage="100" branchCoverage="100" maxCyclomaticComplexity="1" minCyclomaticComplexity="1" maxCrapScore="1" minCrapScore="1" visitedClasses="0" numClasses="0" visitedMethods="1" numMethods="1" />
              <MetadataToken>100663299</MetadataToken>
              <Name>System.Void TestCarParking.UnitTest1::TestNumCars()</Name>
              <FileRef uid="1" />
              <SequencePoints>
                <SequencePoint vc="1" uspid="9" ordinal="0" offset="0" sl="28" sc="9" el="28" ec="10" bec="0" bev="0" fileid="1" />
                <SequencePoint vc="1" uspid="10" ordinal="1" offset="1" sl="29" sc="13" el="29" ec="51" bec="0" bev="0" fileid="1" />
                <SequencePoint vc="1" uspid="11" ordinal="2" offset="9" sl="31" sc="13" el="31" ec="55" bec="0" bev="0" fileid="1" />
                <SequencePoint vc="1" uspid="12" ordinal="3" offset="23" sl="32" sc="9" el="32" ec="10" bec="0" bev="0" fileid="1" />
              </SequencePoints>
              <BranchPoints />
              <MethodPoint xsi:type="SequencePoint" vc="1" uspid="9" ordinal="0" offset="0" sl="28" sc="9" el="28" ec="10" bec="0" bev="0" fileid="1" />
            </Method>
            <Method visited="true" cyclomaticComplexity="1" nPathComplexity="0" sequenceCoverage="100" branchCoverage="100" crapScore="1" isConstructor="false" isStatic="false" isGetter="false" isSetter="false">
              <Summary numSequencePoints="4" visitedSequencePoints="4" numBranchPoints="1" visitedBranchPoints="1" sequenceCoverage="100" branchCoverage="100" maxCyclomaticComplexity="1" minCyclomaticComplexity="1" maxCrapScore="1" minCrapScore="1" visitedClasses="0" numClasses="0" visitedMethods="1" numMethods="1" />
              <MetadataToken>100663300</MetadataToken>
              <Name>System.Void TestCarParking.UnitTest1::TestExcessOfCarsOverSlots()</Name>
              <FileRef uid="1" />
              <SequencePoints>
                <SequencePoint vc="1" uspid="13" ordinal="0" offset="0" sl="36" sc="9" el="36" ec="10" bec="0" bev="0" fileid="1" />
                <SequencePoint vc="1" uspid="14" ordinal="1" offset="1" sl="37" sc="13" el="37" ec="50" bec="0" bev="0" fileid="1" />
                <SequencePoint vc="1" uspid="15" ordinal="2" offset="9" sl="39" sc="13" el="39" ec="55" bec="0" bev="0" fileid="1" />
                <SequencePoint vc="1" uspid="16" ordinal="3" offset="23" sl="40" sc="9" el="40" ec="10" bec="0" bev="0" fileid="1" />
              </SequencePoints>
              <BranchPoints />
              <MethodPoint xsi:type="SequencePoint" vc="1" uspid="13" ordinal="0" offset="0" sl="36" sc="9" el="36" ec="10" bec="0" bev="0" fileid="1" />
            </Method>
            <Method visited="true" cyclomaticComplexity="1" nPathComplexity="0" sequenceCoverage="100" branchCoverage="100" crapScore="1" isConstructor="false" isStatic="false" isGetter="false" isSetter="false">
              <Summary numSequencePoints="5" visitedSequencePoints="5" numBranchPoints="1" visitedBranchPoints="1" sequenceCoverage="100" branchCoverage="100" maxCyclomaticComplexity="1" minCyclomaticComplexity="1" maxCrapScore="1" minCrapScore="1" visitedClasses="0" numClasses="0" visitedMethods="1" numMethods="1" />
              <MetadataToken>100663301</MetadataToken>
              <Name>System.Void TestCarParking.UnitTest1::TestParamConstructor_Decrement()</Name>
              <FileRef uid="1" />
              <SequencePoints>
                <SequencePoint vc="1" uspid="17" ordinal="0" offset="0" sl="44" sc="9" el="44" ec="10" bec="0" bev="0" fileid="1" />
                <SequencePoint vc="1" uspid="18" ordinal="1" offset="1" sl="45" sc="13" el="45" ec="50" bec="0" bev="0" fileid="1" />
                <SequencePoint vc="1" uspid="19" ordinal="2" offset="9" sl="46" sc="13" el="46" ec="18" bec="0" bev="0" fileid="1" />
                <SequencePoint vc="1" uspid="20" ordinal="3" offset="16" sl="48" sc="13" el="48" ec="55" bec="0" bev="0" fileid="1" />
                <SequencePoint vc="1" uspid="21" ordinal="4" offset="30" sl="49" sc="9" el="49" ec="10" bec="0" bev="0" fileid="1" />
              </SequencePoints>
              <BranchPoints />
              <MethodPoint xsi:type="SequencePoint" vc="1" uspid="17" ordinal="0" offset="0" sl="44" sc="9" el="44" ec="10" bec="0" bev="0" fileid="1" />
            </Method>
            <Method visited="true" cyclomaticComplexity="1" nPathComplexity="0" sequenceCoverage="100" branchCoverage="100" crapScore="1" isConstructor="false" isStatic="false" isGetter="false" isSetter="false">
              <Summary numSequencePoints="5" visitedSequencePoints="5" numBranchPoints="1" visitedBranchPoints="1" sequenceCoverage="100" branchCoverage="100" maxCyclomaticComplexity="1" minCyclomaticComplexity="1" maxCrapScore="1" minCrapScore="1" visitedClasses="0" numClasses="0" visitedMethods="1" numMethods="1" />
              <MetadataToken>100663302</MetadataToken>
              <Name>System.Void TestCarParking.UnitTest1::TestIncrement()</Name>
              <FileRef uid="1" />
              <SequencePoints>
                <SequencePoint vc="1" uspid="22" ordinal="0" offset="0" sl="53" sc="9" el="53" ec="10" bec="0" bev="0" fileid="1" />
                <SequencePoint vc="1" uspid="23" ordinal="1" offset="1" sl="54" sc="13" el="54" ec="46" bec="0" bev="0" fileid="1" />
                <SequencePoint vc="1" uspid="24" ordinal="2" offset="7" sl="55" sc="13" el="55" ec="18" bec="0" bev="0" fileid="1" />
                <SequencePoint vc="1" uspid="25" ordinal="3" offset="14" sl="57" sc="13" el="57" ec="55" bec="0" bev="0" fileid="1" />
                <SequencePoint vc="1" uspid="26" ordinal="4" offset="28" sl="58" sc="9" el="58" ec="10" bec="0" bev="0" fileid="1" />
              </SequencePoints>
              <BranchPoints />
              <MethodPoint xsi:type="SequencePoint" vc="1" uspid="22" ordinal="0" offset="0" sl="53" sc="9" el="53" ec="10" bec="0" bev="0" fileid="1" />
            </Method>
            <Method visited="true" cyclomaticComplexity="1" nPathComplexity="0" sequenceCoverage="100" branchCoverage="100" crapScore="1" isConstructor="false" isStatic="false" isGetter="false" isSetter="false">
              <Summary numSequencePoints="4" visitedSequencePoints="4" numBranchPoints="1" visitedBranchPoints="1" sequenceCoverage="100" branchCoverage="100" maxCyclomaticComplexity="1" minCyclomaticComplexity="1" maxCrapScore="1" minCrapScore="1" visitedClasses="0" numClasses="0" visitedMethods="1" numMethods="1" />
              <MetadataToken>100663303</MetadataToken>
              <Name>System.Void TestCarParking.UnitTest1::TestCopyConstructor()</Name>
              <FileRef uid="1" />
              <SequencePoints>
                <SequencePoint vc="1" uspid="27" ordinal="0" offset="0" sl="62" sc="9" el="62" ec="10" bec="0" bev="0" fileid="1" />
                <SequencePoint vc="1" uspid="28" ordinal="1" offset="1" sl="63" sc="13" el="63" ec="49" bec="0" bev="0" fileid="1" />
                <SequencePoint vc="1" uspid="29" ordinal="2" offset="9" sl="65" sc="13" el="65" ec="53" bec="0" bev="0" fileid="1" />
                <SequencePoint vc="1" uspid="30" ordinal="3" offset="22" sl="66" sc="9" el="66" ec="10" bec="0" bev="0" fileid="1" />
              </SequencePoints>
              <BranchPoints />
              <MethodPoint xsi:type="SequencePoint" vc="1" uspid="27" ordinal="0" offset="0" sl="62" sc="9" el="62" ec="10" bec="0" bev="0" fileid="1" />
            </Method>
            <Method visited="true" cyclomaticComplexity="1" nPathComplexity="0" sequenceCoverage="100" branchCoverage="100" crapScore="1" isConstructor="false" isStatic="false" isGetter="false" isSetter="false">
              <Summary numSequencePoints="6" visitedSequencePoints="6" numBranchPoints="1" visitedBranchPoints="1" sequenceCoverage="100" branchCoverage="100" maxCyclomaticComplexity="1" minCyclomaticComplexity="1" maxCrapScore="1" minCrapScore="1" visitedClasses="0" numClasses="0" visitedMethods="1" numMethods="1" />
              <MetadataToken>100663304</MetadataToken>
              <Name>System.Void TestCarParking.UnitTest1::TestComparisonOperations()</Name>
              <FileRef uid="1" />
              <SequencePoints>
                <SequencePoint vc="1" uspid="31" ordinal="0" offset="0" sl="70" sc="9" el="70" ec="10" bec="0" bev="0" fileid="1" />
                <SequencePoint vc="1" uspid="32" ordinal="1" offset="1" sl="71" sc="13" el="71" ec="51" bec="0" bev="0" fileid="1" />
                <SequencePoint vc="1" uspid="33" ordinal="2" offset="10" sl="72" sc="13" el="72" ec="50" bec="0" bev="0" fileid="1" />
                <SequencePoint vc="1" uspid="34" ordinal="3" offset="18" sl="74" sc="13" el="74" ec="46" bec="0" bev="0" fileid="1" />
                <SequencePoint vc="1" uspid="35" ordinal="4" offset="32" sl="75" sc="13" el="75" ec="47" bec="0" bev="0" fileid="1" />
                <SequencePoint vc="1" uspid="36" ordinal="5" offset="46" sl="76" sc="9" el="76" ec="10" bec="0" bev="0" fileid="1" />
              </SequencePoints>
              <BranchPoints />
              <MethodPoint xsi:type="SequencePoint" vc="1" uspid="31" ordinal="0" offset="0" sl="70" sc="9" el="70" ec="10" bec="0" bev="0" fileid="1" />
            </Method>
            <Method visited="true" cyclomaticComplexity="1" nPathComplexity="0" sequenceCoverage="100" branchCoverage="100" crapScore="1" isConstructor="false" isStatic="false" isGetter="false" isSetter="false">
              <Summary numSequencePoints="5" visitedSequencePoints="5" numBranchPoints="1" visitedBranchPoints="1" sequenceCoverage="100" branchCoverage="100" maxCyclomaticComplexity="1" minCyclomaticComplexity="1" maxCrapScore="1" minCrapScore="1" visitedClasses="0" numClasses="0" visitedMethods="1" numMethods="1" />
              <MetadataToken>100663305</MetadataToken>
              <Name>System.Void TestCarParking.UnitTest1::TestSumOperation_ObjectCount()</Name>
              <FileRef uid="1" />
              <SequencePoints>
                <SequencePoint vc="1" uspid="37" ordinal="0" offset="0" sl="80" sc="9" el="80" ec="10" bec="0" bev="0" fileid="1" />
                <SequencePoint vc="1" uspid="38" ordinal="1" offset="1" sl="81" sc="13" el="81" ec="51" bec="0" bev="0" fileid="1" />
                <SequencePoint vc="1" uspid="39" ordinal="2" offset="9" sl="82" sc="13" el="82" ec="51" bec="0" bev="0" fileid="1" />
                <SequencePoint vc="1" uspid="40" ordinal="3" offset="17" sl="84" sc="13" el="84" ec="62" bec="0" bev="0" fileid="1" />
                <SequencePoint vc="1" uspid="41" ordinal="4" offset="38" sl="85" sc="9" el="85" ec="10" bec="0" bev="0" fileid="1" />
              </SequencePoints>
              <BranchPoints />
              <MethodPoint xsi:type="SequencePoint" vc="1" uspid="37" ordinal="0" offset="0" sl="80" sc="9" el="80" ec="10" bec="0" bev="0" fileid="1" />
            </Method>
            <Method visited="true" cyclomaticComplexity="1" nPathComplexity="0" sequenceCoverage="100" branchCoverage="100" crapScore="1" isConstructor="false" isStatic="false" isGetter="false" isSetter="false">
              <Summary numSequencePoints="6" visitedSequencePoints="6" numBranchPoints="1" visitedBranchPoints="1" sequenceCoverage="100" branchCoverage="100" maxCyclomaticComplexity="1" minCyclomaticComplexity="1" maxCrapScore="1" minCrapScore="1" visitedClasses="0" numClasses="0" visitedMethods="1" numMethods="1" />
              <MetadataToken>100663306</MetadataToken>
              <Name>System.Void TestCarParking.UnitTest1::TestObjectCount()</Name>
              <FileRef uid="1" />
              <SequencePoints>
                <SequencePoint vc="1" uspid="42" ordinal="0" offset="0" sl="89" sc="9" el="89" ec="10" bec="0" bev="0" fileid="1" />
                <SequencePoint vc="1" uspid="43" ordinal="1" offset="1" sl="90" sc="13" el="90" ec="51" bec="0" bev="0" fileid="1" />
                <SequencePoint vc="1" uspid="44" ordinal="2" offset="7" sl="91" sc="13" el="91" ec="51" bec="0" bev="0" fileid="1" />
                <SequencePoint vc="1" uspid="45" ordinal="3" offset="15" sl="92" sc="13" el="92" ec="51" bec="0" bev="0" fileid="1" />
                <SequencePoint vc="1" uspid="46" ordinal="4" offset="23" sl="94" sc="13" el="94" ec="67" bec="0" bev="0" fileid="1" />
                <SequencePoint vc="1" uspid="47" ordinal="5" offset="37" sl="95" sc="9" el="95" ec="10" bec="0" bev="0" fileid="1" />
              </SequencePoints>
              <BranchPoints />
              <MethodPoint xsi:type="SequencePoint" vc="1" uspid="42" ordinal="0" offset="0" sl="89" sc="9" el="89" ec="10" bec="0" bev="0" fileid="1" />
            </Method>
            <Method visited="true" cyclomaticComplexity="1" nPathComplexity="0" sequenceCoverage="100" branchCoverage="100" crapScore="1" isConstructor="false" isStatic="false" isGetter="false" isSetter="false">
              <Summary numSequencePoints="5" visitedSequencePoints="5" numBranchPoints="1" visitedBranchPoints="1" sequenceCoverage="100" branchCoverage="100" maxCyclomaticComplexity="1" minCyclomaticComplexity="1" maxCrapScore="1" minCrapScore="1" visitedClasses="0" numClasses="0" visitedMethods="1" numMethods="1" />
              <MetadataToken>100663307</MetadataToken>
              <Name>System.Void TestCarParking.UnitTest1::TestExplicitConversion()</Name>
              <FileRef uid="1" />
              <SequencePoints>
                <SequencePoint vc="1" uspid="48" ordinal="0" offset="0" sl="99" sc="9" el="99" ec="10" bec="0" bev="0" fileid="1" />
                <SequencePoint vc="1" uspid="49" ordinal="1" offset="1" sl="100" sc="13" el="100" ec="59" bec="0" bev="0" fileid="1" />
                <SequencePoint vc="1" uspid="50" ordinal="2" offset="10" sl="101" sc="13" el="101" ec="47" bec="0" bev="0" fileid="1" />
                <SequencePoint vc="1" uspid="51" ordinal="3" offset="17" sl="102" sc="13" el="102" ec="45" bec="0" bev="0" fileid="1" />
                <SequencePoint vc="1" uspid="52" ordinal="4" offset="25" sl="103" sc="9" el="103" ec="10" bec="0" bev="0" fileid="1" />
              </SequencePoints>
              <BranchPoints />
              <MethodPoint xsi:type="SequencePoint" vc="1" uspid="48" ordinal="0" offset="0" sl="99" sc="9" el="99" ec="10" bec="0" bev="0" fileid="1" />
            </Method>
            <Method visited="true" cyclomaticComplexity="1" nPathComplexity="0" sequenceCoverage="100" branchCoverage="100" crapScore="1" isConstructor="false" isStatic="false" isGetter="false" isSetter="false">
              <Summary numSequencePoints="4" visitedSequencePoints="4" numBranchPoints="1" visitedBranchPoints="1" sequenceCoverage="100" branchCoverage="100" maxCyclomaticComplexity="1" minCyclomaticComplexity="1" maxCrapScore="1" minCrapScore="1" visitedClasses="0" numClasses="0" visitedMethods="1" numMethods="1" />
              <MetadataToken>100663308</MetadataToken>
              <Name>System.Void TestCarParking.UnitTest1::TestImplicitConversion()</Name>
              <FileRef uid="1" />
              <SequencePoints>
                <SequencePoint vc="1" uspid="53" ordinal="0" offset="0" sl="107" sc="9" el="107" ec="10" bec="0" bev="0" fileid="1" />
                <SequencePoint vc="1" uspid="54" ordinal="1" offset="1" sl="108" sc="13" el="108" ec="50" bec="0" bev="0" fileid="1" />
                <SequencePoint vc="1" uspid="55" ordinal="2" offset="9" sl="109" sc="13" el="109" ec="45" bec="0" bev="0" fileid="1" />
                <SequencePoint vc="1" uspid="56" ordinal="3" offset="22" sl="110" sc="9" el="110" ec="10" bec="0" bev="0" fileid="1" />
              </SequencePoints>
              <BranchPoints />
              <MethodPoint xsi:type="SequencePoint" vc="1" uspid="53" ordinal="0" offset="0" sl="107" sc="9" el="107" ec="10" bec="0" bev="0" fileid="1" />
            </Method>
            <Method visited="true" cyclomaticComplexity="1" nPathComplexity="0" sequenceCoverage="100" branchCoverage="100" crapScore="1" isConstructor="false" isStatic="false" isGetter="false" isSetter="false">
              <Summary numSequencePoints="4" visitedSequencePoints="4" numBranchPoints="1" visitedBranchPoints="1" sequenceCoverage="100" branchCoverage="100" maxCyclomaticComplexity="1" minCyclomaticComplexity="1" maxCrapScore="1" minCrapScore="1" visitedClasses="0" numClasses="0" visitedMethods="1" numMethods="1" />
              <MetadataToken>100663309</MetadataToken>
              <Name>System.Void TestCarParking.UnitTest1::TestParkingOccupancy()</Name>
              <FileRef uid="1" />
              <SequencePoints>
                <SequencePoint vc="1" uspid="57" ordinal="0" offset="0" sl="115" sc="9" el="115" ec="10" bec="0" bev="0" fileid="1" />
                <SequencePoint vc="1" uspid="58" ordinal="1" offset="1" sl="116" sc="13" el="116" ec="51" bec="0" bev="0" fileid="1" />
                <SequencePoint vc="1" uspid="59" ordinal="2" offset="10" sl="117" sc="13" el="117" ec="90" bec="0" bev="0" fileid="1" />
                <SequencePoint vc="1" uspid="60" ordinal="3" offset="42" sl="118" sc="9" el="118" ec="10" bec="0" bev="0" fileid="1" />
              </SequencePoints>
              <BranchPoints />
              <MethodPoint xsi:type="SequencePoint" vc="1" uspid="57" ordinal="0" offset="0" sl="115" sc="9" el="115" ec="10" bec="0" bev="0" fileid="1" />
            </Method>
            <Method visited="true" cyclomaticComplexity="1" nPathComplexity="0" sequenceCoverage="100" branchCoverage="100" crapScore="1" isConstructor="false" isStatic="false" isGetter="false" isSetter="false">
              <Summary numSequencePoints="4" visitedSequencePoints="4" numBranchPoints="1" visitedBranchPoints="1" sequenceCoverage="100" branchCoverage="100" maxCyclomaticComplexity="1" minCyclomaticComplexity="1" maxCrapScore="1" minCrapScore="1" visitedClasses="0" numClasses="0" visitedMethods="1" numMethods="1" />
              <MetadataToken>100663310</MetadataToken>
              <Name>System.Void TestCarParking.UnitTest1::TestDefaultCostructorOfCollection()</Name>
              <FileRef uid="1" />
              <SequencePoints>
                <SequencePoint vc="1" uspid="61" ordinal="0" offset="0" sl="122" sc="9" el="122" ec="10" bec="0" bev="0" fileid="1" />
                <SequencePoint vc="1" uspid="62" ordinal="1" offset="1" sl="123" sc="13" el="123" ec="55" bec="0" bev="0" fileid="1" />
                <SequencePoint vc="1" uspid="63" ordinal="2" offset="7" sl="124" sc="13" el="124" ec="57" bec="0" bev="0" fileid="1" />
                <SequencePoint vc="1" uspid="64" ordinal="3" offset="27" sl="125" sc="9" el="125" ec="10" bec="0" bev="0" fileid="1" />
              </SequencePoints>
              <BranchPoints />
              <MethodPoint xsi:type="SequencePoint" vc="1" uspid="61" ordinal="0" offset="0" sl="122" sc="9" el="122" ec="10" bec="0" bev="0" fileid="1" />
            </Method>
            <Method visited="true" cyclomaticComplexity="1" nPathComplexity="0" sequenceCoverage="100" branchCoverage="100" crapScore="1" isConstructor="false" isStatic="false" isGetter="false" isSetter="false">
              <Summary numSequencePoints="5" visitedSequencePoints="5" numBranchPoints="1" visitedBranchPoints="1" sequenceCoverage="100" branchCoverage="100" maxCyclomaticComplexity="1" minCyclomaticComplexity="1" maxCrapScore="1" minCrapScore="1" visitedClasses="0" numClasses="0" visitedMethods="1" numMethods="1" />
              <MetadataToken>100663311</MetadataToken>
              <Name>System.Void TestCarParking.UnitTest1::TestCopyCostructorOfCollection()</Name>
              <FileRef uid="1" />
              <SequencePoints>
                <SequencePoint vc="1" uspid="65" ordinal="0" offset="0" sl="129" sc="9" el="129" ec="10" bec="0" bev="0" fileid="1" />
                <SequencePoint vc="1" uspid="66" ordinal="1" offset="1" sl="130" sc="13" el="130" ec="56" bec="0" bev="0" fileid="1" />
                <SequencePoint vc="1" uspid="67" ordinal="2" offset="7" sl="131" sc="13" el="131" ec="58" bec="0" bev="0" fileid="1" />
                <SequencePoint vc="1" uspid="68" ordinal="3" offset="14" sl="132" sc="13" el="132" ec="43" bec="0" bev="0" fileid="1" />
                <SequencePoint vc="1" uspid="69" ordinal="4" offset="34" sl="133" sc="9" el="133" ec="10" bec="0" bev="0" fileid="1" />
              </SequencePoints>
              <BranchPoints />
              <MethodPoint xsi:type="SequencePoint" vc="1" uspid="65" ordinal="0" offset="0" sl="129" sc="9" el="129" ec="10" bec="0" bev="0" fileid="1" />
            </Method>
            <Method visited="true" cyclomaticComplexity="1" nPathComplexity="0" sequenceCoverage="100" branchCoverage="100" crapScore="1" isConstructor="false" isStatic="false" isGetter="false" isSetter="false">
              <Summary numSequencePoints="4" visitedSequencePoints="4" numBranchPoints="1" visitedBranchPoints="1" sequenceCoverage="100" branchCoverage="100" maxCyclomaticComplexity="1" minCyclomaticComplexity="1" maxCrapScore="1" minCrapScore="1" visitedClasses="0" numClasses="0" visitedMethods="1" numMethods="1" />
              <MetadataToken>100663312</MetadataToken>
              <Name>System.Void TestCarParking.UnitTest1::TestGet()</Name>
              <FileRef uid="1" />
              <SequencePoints>
                <SequencePoint vc="1" uspid="70" ordinal="0" offset="6" sl="137" sc="9" el="137" ec="10" bec="0" bev="0" fileid="1" />
                <SequencePoint vc="1" uspid="71" ordinal="1" offset="7" sl="138" sc="13" el="138" ec="56" bec="0" bev="0" fileid="1" />
                <SequencePoint vc="1" uspid="72" ordinal="2" offset="19" sl="139" sc="13" el="139" ec="81" bec="0" bev="0" fileid="1" />
                <SequencePoint vc="1" uspid="73" ordinal="3" offset="37" sl="140" sc="9" el="140" ec="10" bec="0" bev="0" fileid="1" />
              </SequencePoints>
              <BranchPoints />
              <MethodPoint vc="1" uspid="74" ordinal="0" offset="0" />
            </Method>
            <Method visited="true" cyclomaticComplexity="1" nPathComplexity="0" sequenceCoverage="100" branchCoverage="100" crapScore="1" isConstructor="false" isStatic="false" isGetter="false" isSetter="false">
              <Summary numSequencePoints="5" visitedSequencePoints="5" numBranchPoints="1" visitedBranchPoints="1" sequenceCoverage="100" branchCoverage="100" maxCyclomaticComplexity="1" minCyclomaticComplexity="1" maxCrapScore="1" minCrapScore="1" visitedClasses="0" numClasses="0" visitedMethods="1" numMethods="1" />
              <MetadataToken>100663313</MetadataToken>
              <Name>System.Void TestCarParking.UnitTest1::TestSet()</Name>
              <FileRef uid="1" />
              <SequencePoints>
                <SequencePoint vc="1" uspid="75" ordinal="0" offset="0" sl="144" sc="9" el="144" ec="10" bec="0" bev="0" fileid="1" />
                <SequencePoint vc="1" uspid="76" ordinal="1" offset="1" sl="145" sc="13" el="145" ec="56" bec="0" bev="0" fileid="1" />
                <SequencePoint vc="1" uspid="77" ordinal="2" offset="8" sl="146" sc="13" el="146" ec="41" bec="0" bev="0" fileid="1" />
                <SequencePoint vc="1" uspid="78" ordinal="3" offset="23" sl="147" sc="13" el="147" ec="56" bec="0" bev="0" fileid="1" />
                <SequencePoint vc="1" uspid="79" ordinal="4" offset="43" sl="148" sc="9" el="148" ec="10" bec="0" bev="0" fileid="1" />
              </SequencePoints>
              <BranchPoints />
              <MethodPoint xsi:type="SequencePoint" vc="1" uspid="75" ordinal="0" offset="0" sl="144" sc="9" el="144" ec="10" bec="0" bev="0" fileid="1" />
            </Method>
            <Method visited="true" cyclomaticComplexity="1" nPathComplexity="0" sequenceCoverage="100" branchCoverage="100" crapScore="1" isConstructor="false" isStatic="false" isGetter="false" isSetter="false">
              <Summary numSequencePoints="6" visitedSequencePoints="6" numBranchPoints="1" visitedBranchPoints="1" sequenceCoverage="100" branchCoverage="100" maxCyclomaticComplexity="1" minCyclomaticComplexity="1" maxCrapScore="1" minCrapScore="1" visitedClasses="0" numClasses="0" visitedMethods="1" numMethods="1" />
              <MetadataToken>100663314</MetadataToken>
              <Name>System.Void TestCarParking.UnitTest1::TestCount()</Name>
              <FileRef uid="1" />
              <SequencePoints>
                <SequencePoint vc="1" uspid="80" ordinal="0" offset="0" sl="152" sc="9" el="152" ec="10" bec="0" bev="0" fileid="1" />
                <SequencePoint vc="1" uspid="81" ordinal="1" offset="1" sl="153" sc="13" el="153" ec="49" bec="0" bev="0" fileid="1" />
                <SequencePoint vc="1" uspid="82" ordinal="2" offset="7" sl="155" sc="13" el="155" ec="56" bec="0" bev="0" fileid="1" />
                <SequencePoint vc="1" uspid="83" ordinal="3" offset="13" sl="156" sc="13" el="156" ec="57" bec="0" bev="0" fileid="1" />
                <SequencePoint vc="1" uspid="84" ordinal="4" offset="20" sl="158" sc="13" el="158" ec="65" bec="0" bev="0" fileid="1" />
                <SequencePoint vc="1" uspid="85" ordinal="5" offset="34" sl="159" sc="9" el="159" ec="10" bec="0" bev="0" fileid="1" />
              </SequencePoints>
              <BranchPoints />
              <MethodPoint xsi:type="SequencePoint" vc="1" uspid="80" ordinal="0" offset="0" sl="152" sc="9" el="152" ec="10" bec="0" bev="0" fileid="1" />
            </Method>
            <Method visited="false" cyclomaticComplexity="1" nPathComplexity="0" sequenceCoverage="0" branchCoverage="0" crapScore="2" isConstructor="true" isStatic="false" isGetter="false" isSetter="false">
              <Summary numSequencePoints="0" visitedSequencePoints="0" numBranchPoints="0" visitedBranchPoints="0" sequenceCoverage="0" branchCoverage="0" maxCyclomaticComplexity="1" minCyclomaticComplexity="1" maxCrapScore="2" minCrapScore="2" visitedClasses="0" numClasses="0" visitedMethods="0" numMethods="0" />
              <MetadataToken>100663315</MetadataToken>
              <Name>System.Void TestCarParking.UnitTest1::.ctor()</Name>
              <SequencePoints />
              <BranchPoints />
              <MethodPoint vc="0" uspid="86" ordinal="0" offset="0" />
            </Method>
          </Methods>
        </Class>
        <Class>
          <Summary numSequencePoints="3" visitedSequencePoints="2" numBranchPoints="1" visitedBranchPoints="1" sequenceCoverage="66.67" branchCoverage="100" maxCyclomaticComplexity="1" minCyclomaticComplexity="1" maxCrapScore="2" minCrapScore="1.04" visitedClasses="1" numClasses="1" visitedMethods="1" numMethods="1" />
          <FullName>TestCarParking.UnitTest1/&lt;&gt;c__DisplayClass15_0</FullName>
          <Methods>
            <Method visited="false" cyclomaticComplexity="1" nPathComplexity="0" sequenceCoverage="0" branchCoverage="0" crapScore="2" isConstructor="true" isStatic="false" isGetter="false" isSetter="false">
              <Summary numSequencePoints="0" visitedSequencePoints="0" numBranchPoints="0" visitedBranchPoints="0" sequenceCoverage="0" branchCoverage="0" maxCyclomaticComplexity="1" minCyclomaticComplexity="1" maxCrapScore="2" minCrapScore="2" visitedClasses="0" numClasses="0" visitedMethods="0" numMethods="0" />
              <MetadataToken>100663316</MetadataToken>
              <Name>System.Void TestCarParking.UnitTest1/&lt;&gt;c__DisplayClass15_0::.ctor()</Name>
              <SequencePoints />
              <BranchPoints />
              <MethodPoint vc="0" uspid="87" ordinal="0" offset="0" />
            </Method>
            <Method visited="true" cyclomaticComplexity="1" nPathComplexity="0" sequenceCoverage="66.67" branchCoverage="100" crapScore="1.04" isConstructor="false" isStatic="false" isGetter="false" isSetter="false">
              <Summary numSequencePoints="3" visitedSequencePoints="2" numBranchPoints="1" visitedBranchPoints="1" sequenceCoverage="66.67" branchCoverage="100" maxCyclomaticComplexity="1" minCyclomaticComplexity="1" maxCrapScore="1.04" minCrapScore="1.04" visitedClasses="0" numClasses="0" visitedMethods="1" numMethods="1" />
              <MetadataToken>100663317</MetadataToken>
              <Name>System.Void TestCarParking.UnitTest1/&lt;&gt;c__DisplayClass15_0::&lt;TestGet&gt;b__0()</Name>
              <FileRef uid="1" />
              <SequencePoints>
                <SequencePoint vc="1" uspid="88" ordinal="0" offset="0" sl="139" sc="53" el="139" ec="54" bec="0" bev="0" fileid="1" />
                <SequencePoint vc="1" uspid="89" ordinal="1" offset="1" sl="139" sc="55" el="139" ec="77" bec="0" bev="0" fileid="1" />
                <SequencePoint vc="0" uspid="90" ordinal="2" offset="20" sl="139" sc="78" el="139" ec="79" bec="0" bev="0" fileid="1" />
              </SequencePoints>
              <BranchPoints />
              <MethodPoint xsi:type="SequencePoint" vc="1" uspid="88" ordinal="0" offset="0" sl="139" sc="53" el="139" ec="54" bec="0" bev="0" fileid="1" />
            </Method>
          </Methods>
        </Class>
      </Classes>
    </Module>
    <Module hash="19-0C-BF-B2-F3-12-58-B0-48-B9-AC-92-6C-9D-7A-E0-82-95-C6-19">
      <Summary numSequencePoints="298" visitedSequencePoints="142" numBranchPoints="83" visitedBranchPoints="50" sequenceCoverage="47.65" branchCoverage="60.24" maxCyclomaticComplexity="5" minCyclomaticComplexity="1" maxCrapScore="30" minCrapScore="1" visitedClasses="2" numClasses="3" visitedMethods="27" numMethods="33" />
      <ModulePath>C:\Users\Girls\source\repos\TestCarParking\bin\Debug\fine-code-coverage\build-output\Лаба9.exe</ModulePath>
      <ModuleTime>2024-02-04T05:12:13.5507112Z</ModuleTime>
      <ModuleName>Лаба9</ModuleName>
      <Files>
        <File uid="5" fullPath="C:\Users\Girls\source\repos\Лаба9\CarParking.cs" />
        <File uid="6" fullPath="C:\Users\Girls\source\repos\Лаба9\CarParkingArray.cs" />
        <File uid="7" fullPath="C:\Users\Girls\source\repos\Лаба9\Program.cs" />
      </Files>
      <Classes>
        <Class>
          <Summary numSequencePoints="105" visitedSequencePoints="98" numBranchPoints="42" visitedBranchPoints="33" sequenceCoverage="93.33" branchCoverage="78.57" maxCyclomaticComplexity="4" minCyclomaticComplexity="1" maxCrapScore="4.37" minCrapScore="1" visitedClasses="1" numClasses="1" visitedMethods="19" numMethods="20" />
          <FullName>Лаба9.CarParking</FullName>
          <Methods>
            <Method visited="true" cyclomaticComplexity="1" nPathComplexity="0" sequenceCoverage="100" branchCoverage="100" crapScore="1" isConstructor="false" isStatic="false" isGetter="true" isSetter="false">
              <Summary numSequencePoints="1" visitedSequencePoints="1" numBranchPoints="1" visitedBranchPoints="1" sequenceCoverage="100" branchCoverage="100" maxCyclomaticComplexity="1" minCyclomaticComplexity="1" maxCrapScore="1" minCrapScore="1" visitedClasses="0" numClasses="0" visitedMethods="1" numMethods="1" />
              <MetadataToken>100663297</MetadataToken>
              <Name>System.Int32 Лаба9.CarParking::get_NumSlots()</Name>
              <FileRef uid="5" />
              <SequencePoints>
                <SequencePoint vc="28" uspid="91" ordinal="0" offset="0" sl="20" sc="20" el="20" ec="28" bec="0" bev="0" fileid="5" />
              </SequencePoints>
              <BranchPoints />
              <MethodPoint xsi:type="SequencePoint" vc="28" uspid="91" ordinal="0" offset="0" sl="20" sc="20" el="20" ec="28" bec="0" bev="0" fileid="5" />
            </Method>
            <Method visited="true" cyclomaticComplexity="2" nPathComplexity="2" sequenceCoverage="100" branchCoverage="100" crapScore="2" isConstructor="false" isStatic="false" isGetter="false" isSetter="true">
              <Summary numSequencePoints="8" visitedSequencePoints="8" numBranchPoints="3" visitedBranchPoints="3" sequenceCoverage="100" branchCoverage="100" maxCyclomaticComplexity="2" minCyclomaticComplexity="2" maxCrapScore="2" minCrapScore="2" visitedClasses="0" numClasses="0" visitedMethods="1" numMethods="1" />
              <MetadataToken>100663298</MetadataToken>
              <Name>System.Void Лаба9.CarParking::set_NumSlots(System.Int32)</Name>
              <FileRef uid="5" />
              <SequencePoints>
                <SequencePoint vc="44" uspid="92" ordinal="0" offset="0" sl="22" sc="13" el="22" ec="14" bec="0" bev="0" fileid="5" />
                <SequencePoint vc="44" uspid="93" ordinal="1" offset="1" sl="23" sc="17" el="23" ec="31" bec="2" bev="2" fileid="5" />
                <SequencePoint vc="2" uspid="94" ordinal="2" offset="9" sl="24" sc="17" el="24" ec="18" bec="0" bev="0" fileid="5" />
                <SequencePoint vc="2" uspid="95" ordinal="3" offset="10" sl="25" sc="21" el="25" ec="95" bec="0" bev="0" fileid="5" />
                <SequencePoint vc="2" uspid="96" ordinal="4" offset="21" sl="26" sc="21" el="26" ec="34" bec="0" bev="0" fileid="5" />
                <SequencePoint vc="2" uspid="97" ordinal="5" offset="28" sl="27" sc="17" el="27" ec="18" bec="0" bev="0" fileid="5" />
                <SequencePoint vc="42" uspid="98" ordinal="6" offset="31" sl="28" sc="22" el="28" ec="39" bec="0" bev="0" fileid="5" />
                <SequencePoint vc="44" uspid="99" ordinal="7" offset="38" sl="29" sc="13" el="29" ec="14" bec="0" bev="0" fileid="5" />
              </SequencePoints>
              <BranchPoints>
                <BranchPoint vc="2" uspid="100" ordinal="0" offset="7" sl="23" path="0" offsetend="9" fileid="5" />
                <BranchPoint vc="42" uspid="101" ordinal="1" offset="7" sl="23" path="1" offsetend="31" fileid="5" />
              </BranchPoints>
              <MethodPoint xsi:type="SequencePoint" vc="44" uspid="92" ordinal="0" offset="0" sl="22" sc="13" el="22" ec="14" bec="0" bev="0" fileid="5" />
            </Method>
            <Method visited="true" cyclomaticComplexity="1" nPathComplexity="0" sequenceCoverage="100" branchCoverage="100" crapScore="1" isConstructor="false" isStatic="false" isGetter="true" isSetter="false">
              <Summary numSequencePoints="1" visitedSequencePoints="1" numBranchPoints="1" visitedBranchPoints="1" sequenceCoverage="100" branchCoverage="100" maxCyclomaticComplexity="1" minCyclomaticComplexity="1" maxCrapScore="1" minCrapScore="1" visitedClasses="0" numClasses="0" visitedMethods="1" numMethods="1" />
              <MetadataToken>100663299</MetadataToken>
              <Name>System.Int32 Лаба9.CarParking::get_NumCars()</Name>
              <FileRef uid="5" />
              <SequencePoints>
                <SequencePoint vc="28" uspid="102" ordinal="0" offset="0" sl="33" sc="20" el="33" ec="27" bec="0" bev="0" fileid="5" />
              </SequencePoints>
              <BranchPoints />
              <MethodPoint xsi:type="SequencePoint" vc="28" uspid="102" ordinal="0" offset="0" sl="33" sc="20" el="33" ec="27" bec="0" bev="0" fileid="5" />
            </Method>
            <Method visited="true" cyclomaticComplexity="3" nPathComplexity="4" sequenceCoverage="100" branchCoverage="100" crapScore="3" isConstructor="false" isStatic="false" isGetter="false" isSetter="true">
              <Summary numSequencePoints="13" visitedSequencePoints="13" numBranchPoints="5" visitedBranchPoints="5" sequenceCoverage="100" branchCoverage="100" maxCyclomaticComplexity="3" minCyclomaticComplexity="3" maxCrapScore="3" minCrapScore="3" visitedClasses="0" numClasses="0" visitedMethods="1" numMethods="1" />
              <MetadataToken>100663300</MetadataToken>
              <Name>System.Void Лаба9.CarParking::set_NumCars(System.Int32)</Name>
              <FileRef uid="5" />
              <SequencePoints>
                <SequencePoint vc="48" uspid="103" ordinal="0" offset="0" sl="35" sc="13" el="35" ec="14" bec="0" bev="0" fileid="5" />
                <SequencePoint vc="48" uspid="104" ordinal="1" offset="1" sl="36" sc="17" el="36" ec="31" bec="2" bev="2" fileid="5" />
                <SequencePoint vc="1" uspid="105" ordinal="2" offset="9" sl="37" sc="17" el="37" ec="18" bec="0" bev="0" fileid="5" />
                <SequencePoint vc="1" uspid="106" ordinal="3" offset="10" sl="38" sc="21" el="38" ec="94" bec="0" bev="0" fileid="5" />
                <SequencePoint vc="1" uspid="107" ordinal="4" offset="21" sl="39" sc="21" el="39" ec="33" bec="0" bev="0" fileid="5" />
                <SequencePoint vc="1" uspid="108" ordinal="5" offset="28" sl="40" sc="17" el="40" ec="18" bec="0" bev="0" fileid="5" />
                <SequencePoint vc="47" uspid="109" ordinal="6" offset="31" sl="41" sc="22" el="41" ec="43" bec="2" bev="2" fileid="5" />
                <SequencePoint vc="3" uspid="110" ordinal="7" offset="44" sl="42" sc="17" el="42" ec="18" bec="0" bev="0" fileid="5" />
                <SequencePoint vc="3" uspid="111" ordinal="8" offset="45" sl="43" sc="21" el="43" ec="121" bec="0" bev="0" fileid="5" />
                <SequencePoint vc="3" uspid="112" ordinal="9" offset="56" sl="44" sc="21" el="44" ec="40" bec="0" bev="0" fileid="5" />
                <SequencePoint vc="3" uspid="113" ordinal="10" offset="68" sl="45" sc="17" el="45" ec="18" bec="0" bev="0" fileid="5" />
                <SequencePoint vc="44" uspid="114" ordinal="11" offset="71" sl="46" sc="22" el="46" ec="38" bec="0" bev="0" fileid="5" />
                <SequencePoint vc="48" uspid="115" ordinal="12" offset="78" sl="47" sc="13" el="47" ec="14" bec="0" bev="0" fileid="5" />
              </SequencePoints>
              <BranchPoints>
                <BranchPoint vc="1" uspid="116" ordinal="0" offset="7" sl="36" path="0" offsetend="9" fileid="5" />
                <BranchPoint vc="47" uspid="117" ordinal="1" offset="7" sl="36" path="1" offsetend="31" fileid="5" />
                <BranchPoint vc="3" uspid="118" ordinal="2" offset="42" sl="41" path="0" offsetend="44" fileid="5" />
                <BranchPoint vc="44" uspid="119" ordinal="3" offset="42" sl="41" path="1" offsetend="71" fileid="5" />
              </BranchPoints>
              <MethodPoint xsi:type="SequencePoint" vc="48" uspid="103" ordinal="0" offset="0" sl="35" sc="13" el="35" ec="14" bec="0" bev="0" fileid="5" />
            </Method>
            <Method visited="true" cyclomaticComplexity="1" nPathComplexity="0" sequenceCoverage="100" branchCoverage="100" crapScore="1" isConstructor="true" isStatic="false" isGetter="false" isSetter="false">
              <Summary numSequencePoints="7" visitedSequencePoints="7" numBranchPoints="1" visitedBranchPoints="1" sequenceCoverage="100" branchCoverage="100" maxCyclomaticComplexity="1" minCyclomaticComplexity="1" maxCrapScore="1" minCrapScore="1" visitedClasses="0" numClasses="0" visitedMethods="1" numMethods="1" />
              <MetadataToken>100663301</MetadataToken>
              <Name>System.Void Лаба9.CarParking::.ctor()</Name>
              <FileRef uid="5" />
              <SequencePoints>
                <SequencePoint vc="6" uspid="120" ordinal="0" offset="0" sl="14" sc="9" el="14" ec="34" bec="0" bev="0" fileid="5" />
                <SequencePoint vc="6" uspid="121" ordinal="1" offset="7" sl="51" sc="9" el="51" ec="28" bec="0" bev="0" fileid="5" />
                <SequencePoint vc="6" uspid="122" ordinal="2" offset="14" sl="52" sc="9" el="52" ec="10" bec="0" bev="0" fileid="5" />
                <SequencePoint vc="6" uspid="123" ordinal="3" offset="15" sl="53" sc="13" el="53" ec="26" bec="0" bev="0" fileid="5" />
                <SequencePoint vc="6" uspid="124" ordinal="4" offset="23" sl="54" sc="13" el="54" ec="25" bec="0" bev="0" fileid="5" />
                <SequencePoint vc="6" uspid="125" ordinal="5" offset="31" sl="55" sc="13" el="55" ec="27" bec="0" bev="0" fileid="5" />
                <SequencePoint vc="6" uspid="126" ordinal="6" offset="43" sl="56" sc="9" el="56" ec="10" bec="0" bev="0" fileid="5" />
              </SequencePoints>
              <BranchPoints />
              <MethodPoint xsi:type="SequencePoint" vc="6" uspid="120" ordinal="0" offset="0" sl="14" sc="9" el="14" ec="34" bec="0" bev="0" fileid="5" />
            </Method>
            <Method visited="true" cyclomaticComplexity="1" nPathComplexity="0" sequenceCoverage="100" branchCoverage="100" crapScore="1" isConstructor="true" isStatic="false" isGetter="false" isSetter="false">
              <Summary numSequencePoints="7" visitedSequencePoints="7" numBranchPoints="1" visitedBranchPoints="1" sequenceCoverage="100" branchCoverage="100" maxCyclomaticComplexity="1" minCyclomaticComplexity="1" maxCrapScore="1" minCrapScore="1" visitedClasses="0" numClasses="0" visitedMethods="1" numMethods="1" />
              <MetadataToken>100663302</MetadataToken>
              <Name>System.Void Лаба9.CarParking::.ctor(System.Int32,System.Int32)</Name>
              <FileRef uid="5" />
              <SequencePoints>
                <SequencePoint vc="37" uspid="127" ordinal="0" offset="0" sl="14" sc="9" el="14" ec="34" bec="0" bev="0" fileid="5" />
                <SequencePoint vc="37" uspid="128" ordinal="1" offset="7" sl="58" sc="9" el="58" ec="53" bec="0" bev="0" fileid="5" />
                <SequencePoint vc="37" uspid="129" ordinal="2" offset="14" sl="59" sc="9" el="59" ec="10" bec="0" bev="0" fileid="5" />
                <SequencePoint vc="37" uspid="130" ordinal="3" offset="15" sl="60" sc="13" el="60" ec="33" bec="0" bev="0" fileid="5" />
                <SequencePoint vc="37" uspid="131" ordinal="4" offset="23" sl="61" sc="13" el="61" ec="31" bec="0" bev="0" fileid="5" />
                <SequencePoint vc="37" uspid="132" ordinal="5" offset="31" sl="62" sc="13" el="62" ec="27" bec="0" bev="0" fileid="5" />
                <SequencePoint vc="37" uspid="133" ordinal="6" offset="43" sl="63" sc="9" el="63" ec="10" bec="0" bev="0" fileid="5" />
              </SequencePoints>
              <BranchPoints />
              <MethodPoint xsi:type="SequencePoint" vc="37" uspid="127" ordinal="0" offset="0" sl="14" sc="9" el="14" ec="34" bec="0" bev="0" fileid="5" />
            </Method>
            <Method visited="true" cyclomaticComplexity="1" nPathComplexity="0" sequenceCoverage="100" branchCoverage="100" crapScore="1" isConstructor="true" isStatic="false" isGetter="false" isSetter="false">
              <Summary numSequencePoints="7" visitedSequencePoints="7" numBranchPoints="1" visitedBranchPoints="1" sequenceCoverage="100" branchCoverage="100" maxCyclomaticComplexity="1" minCyclomaticComplexity="1" maxCrapScore="1" minCrapScore="1" visitedClasses="0" numClasses="0" visitedMethods="1" numMethods="1" />
              <MetadataToken>100663303</MetadataToken>
              <Name>System.Void Лаба9.CarParking::.ctor(Лаба9.CarParking)</Name>
              <FileRef uid="5" />
              <SequencePoints>
                <SequencePoint vc="4" uspid="134" ordinal="0" offset="0" sl="14" sc="9" el="14" ec="34" bec="0" bev="0" fileid="5" />
                <SequencePoint vc="4" uspid="135" ordinal="1" offset="7" sl="65" sc="9" el="65" ec="41" bec="0" bev="0" fileid="5" />
                <SequencePoint vc="4" uspid="136" ordinal="2" offset="14" sl="66" sc="9" el="66" ec="10" bec="0" bev="0" fileid="5" />
                <SequencePoint vc="4" uspid="137" ordinal="3" offset="15" sl="67" sc="13" el="67" ec="36" bec="0" bev="0" fileid="5" />
                <SequencePoint vc="4" uspid="138" ordinal="4" offset="27" sl="68" sc="13" el="68" ec="34" bec="0" bev="0" fileid="5" />
                <SequencePoint vc="4" uspid="139" ordinal="5" offset="39" sl="69" sc="13" el="69" ec="27" bec="0" bev="0" fileid="5" />
                <SequencePoint vc="4" uspid="140" ordinal="6" offset="51" sl="70" sc="9" el="70" ec="10" bec="0" bev="0" fileid="5" />
              </SequencePoints>
              <BranchPoints />
              <MethodPoint xsi:type="SequencePoint" vc="4" uspid="134" ordinal="0" offset="0" sl="14" sc="9" el="14" ec="34" bec="0" bev="0" fileid="5" />
            </Method>
            <Method visited="false" cyclomaticComplexity="1" nPathComplexity="0" sequenceCoverage="0" branchCoverage="0" crapScore="2" isConstructor="false" isStatic="false" isGetter="false" isSetter="false">
              <Summary numSequencePoints="3" visitedSequencePoints="0" numBranchPoints="1" visitedBranchPoints="0" sequenceCoverage="0" branchCoverage="0" maxCyclomaticComplexity="1" minCyclomaticComplexity="1" maxCrapScore="2" minCrapScore="2" visitedClasses="0" numClasses="0" visitedMethods="0" numMethods="1" />
              <MetadataToken>100663304</MetadataToken>
              <Name>System.String Лаба9.CarParking::ToString()</Name>
              <FileRef uid="5" />
              <SequencePoints>
                <SequencePoint vc="0" uspid="141" ordinal="0" offset="0" sl="74" sc="9" el="74" ec="10" bec="0" bev="0" fileid="5" />
                <SequencePoint vc="0" uspid="142" ordinal="1" offset="1" sl="75" sc="13" el="75" ec="89" bec="0" bev="0" fileid="5" />
                <SequencePoint vc="0" uspid="143" ordinal="2" offset="36" sl="76" sc="9" el="76" ec="10" bec="0" bev="0" fileid="5" />
              </SequencePoints>
              <BranchPoints />
              <MethodPoint xsi:type="SequencePoint" vc="0" uspid="141" ordinal="0" offset="0" sl="74" sc="9" el="74" ec="10" bec="0" bev="0" fileid="5" />
            </Method>
            <Method visited="true" cyclomaticComplexity="1" nPathComplexity="0" sequenceCoverage="100" branchCoverage="100" crapScore="1" isConstructor="false" isStatic="true" isGetter="false" isSetter="false">
              <Summary numSequencePoints="3" visitedSequencePoints="3" numBranchPoints="1" visitedBranchPoints="1" sequenceCoverage="100" branchCoverage="100" maxCyclomaticComplexity="1" minCyclomaticComplexity="1" maxCrapScore="1" minCrapScore="1" visitedClasses="0" numClasses="0" visitedMethods="1" numMethods="1" />
              <MetadataToken>100663305</MetadataToken>
              <Name>System.Double Лаба9.CarParking::ParkingOccupancy(System.Int32,System.Int32)</Name>
              <FileRef uid="5" />
              <SequencePoints>
                <SequencePoint vc="1" uspid="144" ordinal="0" offset="0" sl="79" sc="9" el="79" ec="10" bec="0" bev="0" fileid="5" />
                <SequencePoint vc="1" uspid="145" ordinal="1" offset="1" sl="80" sc="13" el="80" ec="68" bec="0" bev="0" fileid="5" />
                <SequencePoint vc="1" uspid="146" ordinal="2" offset="25" sl="81" sc="9" el="81" ec="10" bec="0" bev="0" fileid="5" />
              </SequencePoints>
              <BranchPoints />
              <MethodPoint xsi:type="SequencePoint" vc="1" uspid="144" ordinal="0" offset="0" sl="79" sc="9" el="79" ec="10" bec="0" bev="0" fileid="5" />
            </Method>
            <Method visited="true" cyclomaticComplexity="1" nPathComplexity="0" sequenceCoverage="100" branchCoverage="100" crapScore="1" isConstructor="false" isStatic="false" isGetter="false" isSetter="false">
              <Summary numSequencePoints="3" visitedSequencePoints="3" numBranchPoints="1" visitedBranchPoints="1" sequenceCoverage="100" branchCoverage="100" maxCyclomaticComplexity="1" minCyclomaticComplexity="1" maxCrapScore="1" minCrapScore="1" visitedClasses="0" numClasses="0" visitedMethods="1" numMethods="1" />
              <MetadataToken>100663306</MetadataToken>
              <Name>System.Double Лаба9.CarParking::ParkingOccupancyMethod()</Name>
              <FileRef uid="5" />
              <SequencePoints>
                <SequencePoint vc="5" uspid="147" ordinal="0" offset="0" sl="84" sc="9" el="84" ec="10" bec="0" bev="0" fileid="5" />
                <SequencePoint vc="5" uspid="148" ordinal="1" offset="1" sl="85" sc="13" el="85" ec="68" bec="0" bev="0" fileid="5" />
                <SequencePoint vc="5" uspid="149" ordinal="2" offset="35" sl="86" sc="9" el="86" ec="10" bec="0" bev="0" fileid="5" />
              </SequencePoints>
              <BranchPoints />
              <MethodPoint xsi:type="SequencePoint" vc="5" uspid="147" ordinal="0" offset="0" sl="84" sc="9" el="84" ec="10" bec="0" bev="0" fileid="5" />
            </Method>
            <Method visited="true" cyclomaticComplexity="1" nPathComplexity="0" sequenceCoverage="100" branchCoverage="100" crapScore="1" isConstructor="false" isStatic="true" isGetter="false" isSetter="false">
              <Summary numSequencePoints="3" visitedSequencePoints="3" numBranchPoints="1" visitedBranchPoints="1" sequenceCoverage="100" branchCoverage="100" maxCyclomaticComplexity="1" minCyclomaticComplexity="1" maxCrapScore="1" minCrapScore="1" visitedClasses="0" numClasses="0" visitedMethods="1" numMethods="1" />
              <MetadataToken>100663307</MetadataToken>
              <Name>System.Int32 Лаба9.CarParking::ObjectCount()</Name>
              <FileRef uid="5" />
              <SequencePoints>
                <SequencePoint vc="2" uspid="150" ordinal="0" offset="0" sl="89" sc="9" el="89" ec="10" bec="0" bev="0" fileid="5" />
                <SequencePoint vc="2" uspid="151" ordinal="1" offset="1" sl="90" sc="13" el="90" ec="32" bec="0" bev="0" fileid="5" />
                <SequencePoint vc="2" uspid="152" ordinal="2" offset="9" sl="91" sc="9" el="91" ec="10" bec="0" bev="0" fileid="5" />
              </SequencePoints>
              <BranchPoints />
              <MethodPoint xsi:type="SequencePoint" vc="2" uspid="150" ordinal="0" offset="0" sl="89" sc="9" el="89" ec="10" bec="0" bev="0" fileid="5" />
            </Method>
            <Method visited="true" cyclomaticComplexity="1" nPathComplexity="0" sequenceCoverage="100" branchCoverage="100" crapScore="1" isConstructor="false" isStatic="true" isGetter="false" isSetter="false">
              <Summary numSequencePoints="5" visitedSequencePoints="5" numBranchPoints="1" visitedBranchPoints="1" sequenceCoverage="100" branchCoverage="100" maxCyclomaticComplexity="1" minCyclomaticComplexity="1" maxCrapScore="1" minCrapScore="1" visitedClasses="0" numClasses="0" visitedMethods="1" numMethods="1" />
              <MetadataToken>100663308</MetadataToken>
              <Name>Лаба9.CarParking Лаба9.CarParking::op_Increment(Лаба9.CarParking)</Name>
              <FileRef uid="5" />
              <SequencePoints>
                <SequencePoint vc="1" uspid="153" ordinal="0" offset="0" sl="96" sc="9" el="96" ec="10" bec="0" bev="0" fileid="5" />
                <SequencePoint vc="1" uspid="154" ordinal="1" offset="1" sl="97" sc="13" el="97" ec="52" bec="0" bev="0" fileid="5" />
                <SequencePoint vc="1" uspid="155" ordinal="2" offset="8" sl="98" sc="13" el="98" ec="47" bec="0" bev="0" fileid="5" />
                <SequencePoint vc="1" uspid="156" ordinal="3" offset="33" sl="99" sc="13" el="99" ec="27" bec="0" bev="0" fileid="5" />
                <SequencePoint vc="1" uspid="157" ordinal="4" offset="37" sl="100" sc="9" el="100" ec="10" bec="0" bev="0" fileid="5" />
              </SequencePoints>
              <BranchPoints />
              <MethodPoint xsi:type="SequencePoint" vc="1" uspid="153" ordinal="0" offset="0" sl="96" sc="9" el="96" ec="10" bec="0" bev="0" fileid="5" />
            </Method>
            <Method visited="true" cyclomaticComplexity="1" nPathComplexity="0" sequenceCoverage="100" branchCoverage="100" crapScore="1" isConstructor="false" isStatic="true" isGetter="false" isSetter="false">
              <Summary numSequencePoints="5" visitedSequencePoints="5" numBranchPoints="1" visitedBranchPoints="1" sequenceCoverage="100" branchCoverage="100" maxCyclomaticComplexity="1" minCyclomaticComplexity="1" maxCrapScore="1" minCrapScore="1" visitedClasses="0" numClasses="0" visitedMethods="1" numMethods="1" />
              <MetadataToken>100663309</MetadataToken>
              <Name>Лаба9.CarParking Лаба9.CarParking::op_Decrement(Лаба9.CarParking)</Name>
              <FileRef uid="5" />
              <SequencePoints>
                <SequencePoint vc="1" uspid="158" ordinal="0" offset="0" sl="103" sc="9" el="103" ec="10" bec="0" bev="0" fileid="5" />
                <SequencePoint vc="1" uspid="159" ordinal="1" offset="1" sl="104" sc="13" el="104" ec="52" bec="0" bev="0" fileid="5" />
                <SequencePoint vc="1" uspid="160" ordinal="2" offset="8" sl="105" sc="13" el="105" ec="47" bec="0" bev="0" fileid="5" />
                <SequencePoint vc="1" uspid="161" ordinal="3" offset="33" sl="106" sc="13" el="106" ec="27" bec="0" bev="0" fileid="5" />
                <SequencePoint vc="1" uspid="162" ordinal="4" offset="37" sl="107" sc="9" el="107" ec="10" bec="0" bev="0" fileid="5" />
              </SequencePoints>
              <BranchPoints />
              <MethodPoint xsi:type="SequencePoint" vc="1" uspid="158" ordinal="0" offset="0" sl="103" sc="9" el="103" ec="10" bec="0" bev="0" fileid="5" />
            </Method>
            <Method visited="true" cyclomaticComplexity="2" nPathComplexity="2" sequenceCoverage="100" branchCoverage="66.67" crapScore="2" isConstructor="false" isStatic="true" isGetter="false" isSetter="false">
              <Summary numSequencePoints="10" visitedSequencePoints="10" numBranchPoints="3" visitedBranchPoints="2" sequenceCoverage="100" branchCoverage="66.67" maxCyclomaticComplexity="2" minCyclomaticComplexity="2" maxCrapScore="2" minCrapScore="2" visitedClasses="0" numClasses="0" visitedMethods="1" numMethods="1" />
              <MetadataToken>100663310</MetadataToken>
              <Name>System.Int32 Лаба9.CarParking::op_Explicit(Лаба9.CarParking)</Name>
              <FileRef uid="5" />
              <SequencePoints>
                <SequencePoint vc="1" uspid="163" ordinal="0" offset="0" sl="111" sc="9" el="111" ec="10" bec="0" bev="0" fileid="5" />
                <SequencePoint vc="1" uspid="164" ordinal="1" offset="1" sl="113" sc="13" el="113" ec="60" bec="0" bev="0" fileid="5" />
                <SequencePoint vc="1" uspid="165" ordinal="2" offset="8" sl="114" sc="13" el="114" ec="28" bec="0" bev="0" fileid="5" />
                <SequencePoint vc="1" uspid="166" ordinal="3" offset="10" sl="115" sc="13" el="115" ec="34" bec="2" bev="1" fileid="5" />
                <SequencePoint vc="1" uspid="167" ordinal="4" offset="26" sl="116" sc="13" el="116" ec="14" bec="0" bev="0" fileid="5" />
                <SequencePoint vc="1" uspid="168" ordinal="5" offset="27" sl="118" sc="17" el="118" ec="71" bec="0" bev="0" fileid="5" />
                <SequencePoint vc="1" uspid="169" ordinal="6" offset="53" sl="120" sc="17" el="120" ec="57" bec="0" bev="0" fileid="5" />
                <SequencePoint vc="1" uspid="170" ordinal="7" offset="61" sl="121" sc="13" el="121" ec="14" bec="0" bev="0" fileid="5" />
                <SequencePoint vc="1" uspid="171" ordinal="8" offset="62" sl="122" sc="13" el="122" ec="27" bec="0" bev="0" fileid="5" />
                <SequencePoint vc="1" uspid="172" ordinal="9" offset="67" sl="123" sc="9" el="123" ec="10" bec="0" bev="0" fileid="5" />
              </SequencePoints>
              <BranchPoints>
                <BranchPoint vc="1" uspid="173" ordinal="0" offset="24" sl="115" path="0" offsetend="26" fileid="5" />
                <BranchPoint vc="0" uspid="174" ordinal="1" offset="24" sl="115" path="1" offsetend="62" fileid="5" />
              </BranchPoints>
              <MethodPoint xsi:type="SequencePoint" vc="1" uspid="163" ordinal="0" offset="0" sl="111" sc="9" el="111" ec="10" bec="0" bev="0" fileid="5" />
            </Method>
            <Method visited="true" cyclomaticComplexity="1" nPathComplexity="0" sequenceCoverage="100" branchCoverage="100" crapScore="1" isConstructor="false" isStatic="true" isGetter="false" isSetter="false">
              <Summary numSequencePoints="3" visitedSequencePoints="3" numBranchPoints="1" visitedBranchPoints="1" sequenceCoverage="100" branchCoverage="100" maxCyclomaticComplexity="1" minCyclomaticComplexity="1" maxCrapScore="1" minCrapScore="1" visitedClasses="0" numClasses="0" visitedMethods="1" numMethods="1" />
              <MetadataToken>100663311</MetadataToken>
              <Name>System.Boolean Лаба9.CarParking::op_Implicit(Лаба9.CarParking)</Name>
              <FileRef uid="5" />
              <SequencePoints>
                <SequencePoint vc="1" uspid="175" ordinal="0" offset="0" sl="126" sc="9" el="126" ec="10" bec="0" bev="0" fileid="5" />
                <SequencePoint vc="1" uspid="176" ordinal="1" offset="1" sl="127" sc="13" el="127" ec="43" bec="0" bev="0" fileid="5" />
                <SequencePoint vc="1" uspid="177" ordinal="2" offset="10" sl="128" sc="9" el="128" ec="10" bec="0" bev="0" fileid="5" />
              </SequencePoints>
              <BranchPoints />
              <MethodPoint xsi:type="SequencePoint" vc="1" uspid="175" ordinal="0" offset="0" sl="126" sc="9" el="126" ec="10" bec="0" bev="0" fileid="5" />
            </Method>
            <Method visited="true" cyclomaticComplexity="1" nPathComplexity="0" sequenceCoverage="100" branchCoverage="100" crapScore="1" isConstructor="false" isStatic="false" isGetter="false" isSetter="false">
              <Summary numSequencePoints="3" visitedSequencePoints="3" numBranchPoints="1" visitedBranchPoints="1" sequenceCoverage="100" branchCoverage="100" maxCyclomaticComplexity="1" minCyclomaticComplexity="1" maxCrapScore="1" minCrapScore="1" visitedClasses="0" numClasses="0" visitedMethods="1" numMethods="1" />
              <MetadataToken>100663312</MetadataToken>
              <Name>System.Boolean Лаба9.CarParking::HasAvailableSlots()</Name>
              <FileRef uid="5" />
              <SequencePoints>
                <SequencePoint vc="1" uspid="178" ordinal="0" offset="0" sl="130" sc="9" el="130" ec="10" bec="0" bev="0" fileid="5" />
                <SequencePoint vc="1" uspid="179" ordinal="1" offset="1" sl="131" sc="13" el="131" ec="39" bec="0" bev="0" fileid="5" />
                <SequencePoint vc="1" uspid="180" ordinal="2" offset="18" sl="132" sc="9" el="132" ec="10" bec="0" bev="0" fileid="5" />
              </SequencePoints>
              <BranchPoints />
              <MethodPoint xsi:type="SequencePoint" vc="1" uspid="178" ordinal="0" offset="0" sl="130" sc="9" el="130" ec="10" bec="0" bev="0" fileid="5" />
            </Method>
            <Method visited="true" cyclomaticComplexity="1" nPathComplexity="0" sequenceCoverage="100" branchCoverage="100" crapScore="1" isConstructor="false" isStatic="true" isGetter="false" isSetter="false">
              <Summary numSequencePoints="6" visitedSequencePoints="6" numBranchPoints="1" visitedBranchPoints="1" sequenceCoverage="100" branchCoverage="100" maxCyclomaticComplexity="1" minCyclomaticComplexity="1" maxCrapScore="1" minCrapScore="1" visitedClasses="0" numClasses="0" visitedMethods="1" numMethods="1" />
              <MetadataToken>100663313</MetadataToken>
              <Name>Лаба9.CarParking Лаба9.CarParking::op_Addition(Лаба9.CarParking,Лаба9.CarParking)</Name>
              <FileRef uid="5" />
              <SequencePoints>
                <SequencePoint vc="1" uspid="181" ordinal="0" offset="0" sl="137" sc="9" el="137" ec="10" bec="0" bev="0" fileid="5" />
                <SequencePoint vc="1" uspid="182" ordinal="1" offset="1" sl="138" sc="13" el="138" ec="48" bec="0" bev="0" fileid="5" />
                <SequencePoint vc="1" uspid="183" ordinal="2" offset="7" sl="139" sc="13" el="139" ec="57" bec="0" bev="0" fileid="5" />
                <SequencePoint vc="1" uspid="184" ordinal="3" offset="27" sl="140" sc="13" el="140" ec="54" bec="0" bev="0" fileid="5" />
                <SequencePoint vc="1" uspid="185" ordinal="4" offset="47" sl="141" sc="13" el="141" ec="25" bec="0" bev="0" fileid="5" />
                <SequencePoint vc="1" uspid="186" ordinal="5" offset="51" sl="142" sc="9" el="142" ec="10" bec="0" bev="0" fileid="5" />
              </SequencePoints>
              <BranchPoints />
              <MethodPoint xsi:type="SequencePoint" vc="1" uspid="181" ordinal="0" offset="0" sl="137" sc="9" el="137" ec="10" bec="0" bev="0" fileid="5" />
            </Method>
            <Method visited="true" cyclomaticComplexity="3" nPathComplexity="4" sequenceCoverage="80" branchCoverage="60" crapScore="3.07" isConstructor="false" isStatic="true" isGetter="false" isSetter="false">
              <Summary numSequencePoints="5" visitedSequencePoints="4" numBranchPoints="5" visitedBranchPoints="3" sequenceCoverage="80" branchCoverage="60" maxCyclomaticComplexity="3" minCyclomaticComplexity="3" maxCrapScore="3.07" minCrapScore="3.07" visitedClasses="0" numClasses="0" visitedMethods="1" numMethods="1" />
              <MetadataToken>100663314</MetadataToken>
              <Name>System.Boolean Лаба9.CarParking::op_GreaterThan(Лаба9.CarParking,Лаба9.CarParking)</Name>
              <FileRef uid="5" />
              <SequencePoints>
                <SequencePoint vc="1" uspid="187" ordinal="0" offset="0" sl="146" sc="9" el="146" ec="10" bec="0" bev="0" fileid="5" />
                <SequencePoint vc="1" uspid="188" ordinal="1" offset="1" sl="147" sc="13" el="147" ec="108" bec="4" bev="2" fileid="5" />
                <SequencePoint vc="1" uspid="189" ordinal="2" offset="36" sl="147" sc="109" el="147" ec="121" bec="0" bev="0" fileid="5" />
                <SequencePoint vc="0" uspid="190" ordinal="3" offset="40" sl="148" sc="18" el="148" ec="31" bec="0" bev="0" fileid="5" />
                <SequencePoint vc="1" uspid="191" ordinal="4" offset="44" sl="149" sc="9" el="149" ec="10" bec="0" bev="0" fileid="5" />
              </SequencePoints>
              <BranchPoints>
                <BranchPoint vc="1" uspid="192" ordinal="0" offset="13" sl="147" path="0" offsetend="15" fileid="5" />
                <BranchPoint vc="0" uspid="193" ordinal="1" offset="13" sl="147" path="1" offsetend="31" fileid="5" />
                <BranchPoint vc="1" uspid="194" ordinal="2" offset="34" sl="147" path="0" offsetend="36" fileid="5" />
                <BranchPoint vc="0" uspid="195" ordinal="3" offset="34" sl="147" path="1" offsetend="40" fileid="5" />
              </BranchPoints>
              <MethodPoint xsi:type="SequencePoint" vc="1" uspid="187" ordinal="0" offset="0" sl="146" sc="9" el="146" ec="10" bec="0" bev="0" fileid="5" />
            </Method>
            <Method visited="true" cyclomaticComplexity="3" nPathComplexity="4" sequenceCoverage="80" branchCoverage="60" crapScore="3.07" isConstructor="false" isStatic="true" isGetter="false" isSetter="false">
              <Summary numSequencePoints="5" visitedSequencePoints="4" numBranchPoints="5" visitedBranchPoints="3" sequenceCoverage="80" branchCoverage="60" maxCyclomaticComplexity="3" minCyclomaticComplexity="3" maxCrapScore="3.07" minCrapScore="3.07" visitedClasses="0" numClasses="0" visitedMethods="1" numMethods="1" />
              <MetadataToken>100663315</MetadataToken>
              <Name>System.Boolean Лаба9.CarParking::op_LessThan(Лаба9.CarParking,Лаба9.CarParking)</Name>
              <FileRef uid="5" />
              <SequencePoints>
                <SequencePoint vc="1" uspid="196" ordinal="0" offset="0" sl="153" sc="9" el="153" ec="10" bec="0" bev="0" fileid="5" />
                <SequencePoint vc="1" uspid="197" ordinal="1" offset="1" sl="154" sc="13" el="154" ec="108" bec="4" bev="2" fileid="5" />
                <SequencePoint vc="0" uspid="198" ordinal="2" offset="36" sl="154" sc="109" el="154" ec="121" bec="0" bev="0" fileid="5" />
                <SequencePoint vc="1" uspid="199" ordinal="3" offset="40" sl="155" sc="18" el="155" ec="31" bec="0" bev="0" fileid="5" />
                <SequencePoint vc="1" uspid="200" ordinal="4" offset="44" sl="156" sc="9" el="156" ec="10" bec="0" bev="0" fileid="5" />
              </SequencePoints>
              <BranchPoints>
                <BranchPoint vc="0" uspid="201" ordinal="0" offset="13" sl="154" path="0" offsetend="15" fileid="5" />
                <BranchPoint vc="1" uspid="202" ordinal="1" offset="13" sl="154" path="1" offsetend="31" fileid="5" />
                <BranchPoint vc="0" uspid="203" ordinal="2" offset="34" sl="154" path="0" offsetend="36" fileid="5" />
                <BranchPoint vc="1" uspid="204" ordinal="3" offset="34" sl="154" path="1" offsetend="40" fileid="5" />
              </BranchPoints>
              <MethodPoint xsi:type="SequencePoint" vc="1" uspid="196" ordinal="0" offset="0" sl="153" sc="9" el="153" ec="10" bec="0" bev="0" fileid="5" />
            </Method>
            <Method visited="true" cyclomaticComplexity="4" nPathComplexity="8" sequenceCoverage="71.43" branchCoverage="57.14" crapScore="4.37" isConstructor="false" isStatic="false" isGetter="false" isSetter="false">
              <Summary numSequencePoints="7" visitedSequencePoints="5" numBranchPoints="7" visitedBranchPoints="4" sequenceCoverage="71.43" branchCoverage="57.14" maxCyclomaticComplexity="4" minCyclomaticComplexity="4" maxCrapScore="4.37" minCrapScore="4.37" visitedClasses="0" numClasses="0" visitedMethods="1" numMethods="1" />
              <MetadataToken>100663316</MetadataToken>
              <Name>System.Boolean Лаба9.CarParking::Equals(System.Object)</Name>
              <FileRef uid="5" />
              <SequencePoints>
                <SequencePoint vc="11" uspid="205" ordinal="0" offset="0" sl="160" sc="9" el="160" ec="10" bec="0" bev="0" fileid="5" />
                <SequencePoint vc="11" uspid="206" ordinal="1" offset="1" sl="161" sc="13" el="161" ec="29" bec="2" bev="1" fileid="5" />
                <SequencePoint vc="0" uspid="207" ordinal="2" offset="9" sl="161" sc="30" el="161" ec="43" bec="0" bev="0" fileid="5" />
                <SequencePoint vc="11" uspid="208" ordinal="3" offset="13" sl="162" sc="13" el="162" ec="35" bec="2" bev="1" fileid="5" />
                <SequencePoint vc="11" uspid="209" ordinal="4" offset="26" sl="162" sc="36" el="162" ec="132" bec="2" bev="1" fileid="5" />
                <SequencePoint vc="0" uspid="210" ordinal="5" offset="70" sl="163" sc="18" el="163" ec="31" bec="0" bev="0" fileid="5" />
                <SequencePoint vc="11" uspid="211" ordinal="6" offset="74" sl="164" sc="9" el="164" ec="10" bec="0" bev="0" fileid="5" />
              </SequencePoints>
              <BranchPoints>
                <BranchPoint vc="0" uspid="212" ordinal="0" offset="7" sl="161" path="0" offsetend="9" fileid="5" />
                <BranchPoint vc="11" uspid="213" ordinal="1" offset="7" sl="161" path="1" offsetend="13" fileid="5" />
                <BranchPoint vc="11" uspid="214" ordinal="2" offset="24" sl="162" path="0" offsetend="26" fileid="5" />
                <BranchPoint vc="0" uspid="215" ordinal="3" offset="24" sl="162" path="1" offsetend="70" fileid="5" />
                <BranchPoint vc="11" uspid="216" ordinal="4" offset="43" sl="162" path="0" offsetend="45" fileid="5" />
                <BranchPoint vc="0" uspid="217" ordinal="5" offset="43" sl="162" path="1" offsetend="66" fileid="5" />
              </BranchPoints>
              <MethodPoint xsi:type="SequencePoint" vc="11" uspid="205" ordinal="0" offset="0" sl="160" sc="9" el="160" ec="10" bec="0" bev="0" fileid="5" />
            </Method>
          </Methods>
        </Class>
        <Class>
          <Summary numSequencePoints="69" visitedSequencePoints="44" numBranchPoints="26" visitedBranchPoints="17" sequenceCoverage="63.77" branchCoverage="65.38" maxCyclomaticComplexity="3" minCyclomaticComplexity="1" maxCrapScore="6" minCrapScore="1" visitedClasses="1" numClasses="1" visitedMethods="8" numMethods="10" />
          <FullName>Лаба9.CarParkingArray</FullName>
          <Methods>
            <Method visited="true" cyclomaticComplexity="1" nPathComplexity="0" sequenceCoverage="100" branchCoverage="100" crapScore="1" isConstructor="false" isStatic="false" isGetter="true" isSetter="false">
              <Summary numSequencePoints="1" visitedSequencePoints="1" numBranchPoints="1" visitedBranchPoints="1" sequenceCoverage="100" branchCoverage="100" maxCyclomaticComplexity="1" minCyclomaticComplexity="1" maxCrapScore="1" minCrapScore="1" visitedClasses="0" numClasses="0" visitedMethods="1" numMethods="1" />
              <MetadataToken>100663317</MetadataToken>
              <Name>System.Int32 Лаба9.CarParkingArray::get_Length()</Name>
              <FileRef uid="6" />
              <SequencePoints>
                <SequencePoint vc="3" uspid="218" ordinal="0" offset="0" sl="17" sc="20" el="17" ec="34" bec="0" bev="0" fileid="6" />
              </SequencePoints>
              <BranchPoints />
              <MethodPoint xsi:type="SequencePoint" vc="3" uspid="218" ordinal="0" offset="0" sl="17" sc="20" el="17" ec="34" bec="0" bev="0" fileid="6" />
            </Method>
            <Method visited="true" cyclomaticComplexity="3" nPathComplexity="4" sequenceCoverage="100" branchCoverage="80" crapScore="3" isConstructor="false" isStatic="false" isGetter="true" isSetter="false">
              <Summary numSequencePoints="5" visitedSequencePoints="5" numBranchPoints="5" visitedBranchPoints="4" sequenceCoverage="100" branchCoverage="80" maxCyclomaticComplexity="3" minCyclomaticComplexity="3" maxCrapScore="3" minCrapScore="3" visitedClasses="0" numClasses="0" visitedMethods="1" numMethods="1" />
              <MetadataToken>100663324</MetadataToken>
              <Name>Лаба9.CarParking Лаба9.CarParkingArray::get_Item(System.Int32)</Name>
              <FileRef uid="6" />
              <SequencePoints>
                <SequencePoint vc="5" uspid="219" ordinal="0" offset="0" sl="76" sc="13" el="76" ec="14" bec="0" bev="0" fileid="6" />
                <SequencePoint vc="5" uspid="220" ordinal="1" offset="1" sl="77" sc="17" el="77" ec="58" bec="4" bev="3" fileid="6" />
                <SequencePoint vc="4" uspid="221" ordinal="2" offset="23" sl="78" sc="21" el="78" ec="43" bec="0" bev="0" fileid="6" />
                <SequencePoint vc="1" uspid="222" ordinal="3" offset="34" sl="80" sc="21" el="80" ec="80" bec="0" bev="0" fileid="6" />
                <SequencePoint vc="4" uspid="223" ordinal="4" offset="45" sl="81" sc="13" el="81" ec="14" bec="0" bev="0" fileid="6" />
              </SequencePoints>
              <BranchPoints>
                <BranchPoint vc="5" uspid="224" ordinal="0" offset="3" sl="77" path="0" offsetend="5" fileid="6" />
                <BranchPoint vc="0" uspid="225" ordinal="1" offset="3" sl="77" path="1" offsetend="18" fileid="6" />
                <BranchPoint vc="4" uspid="226" ordinal="2" offset="21" sl="77" path="0" offsetend="23" fileid="6" />
                <BranchPoint vc="1" uspid="227" ordinal="3" offset="21" sl="77" path="1" offsetend="34" fileid="6" />
              </BranchPoints>
              <MethodPoint xsi:type="SequencePoint" vc="5" uspid="219" ordinal="0" offset="0" sl="76" sc="13" el="76" ec="14" bec="0" bev="0" fileid="6" />
            </Method>
            <Method visited="true" cyclomaticComplexity="3" nPathComplexity="4" sequenceCoverage="80" branchCoverage="60" crapScore="3.07" isConstructor="false" isStatic="false" isGetter="false" isSetter="true">
              <Summary numSequencePoints="5" visitedSequencePoints="4" numBranchPoints="5" visitedBranchPoints="3" sequenceCoverage="80" branchCoverage="60" maxCyclomaticComplexity="3" minCyclomaticComplexity="3" maxCrapScore="3.07" minCrapScore="3.07" visitedClasses="0" numClasses="0" visitedMethods="1" numMethods="1" />
              <MetadataToken>100663325</MetadataToken>
              <Name>System.Void Лаба9.CarParkingArray::set_Item(System.Int32,Лаба9.CarParking)</Name>
              <FileRef uid="6" />
              <SequencePoints>
                <SequencePoint vc="1" uspid="228" ordinal="0" offset="0" sl="83" sc="13" el="83" ec="14" bec="0" bev="0" fileid="6" />
                <SequencePoint vc="1" uspid="229" ordinal="1" offset="1" sl="84" sc="17" el="84" ec="58" bec="4" bev="2" fileid="6" />
                <SequencePoint vc="1" uspid="230" ordinal="2" offset="23" sl="85" sc="21" el="85" ec="44" bec="0" bev="0" fileid="6" />
                <SequencePoint vc="0" uspid="231" ordinal="3" offset="34" sl="87" sc="21" el="87" ec="78" bec="0" bev="0" fileid="6" />
                <SequencePoint vc="1" uspid="232" ordinal="4" offset="45" sl="88" sc="13" el="88" ec="14" bec="0" bev="0" fileid="6" />
              </SequencePoints>
              <BranchPoints>
                <BranchPoint vc="1" uspid="233" ordinal="0" offset="3" sl="84" path="0" offsetend="5" fileid="6" />
                <BranchPoint vc="0" uspid="234" ordinal="1" offset="3" sl="84" path="1" offsetend="18" fileid="6" />
                <BranchPoint vc="1" uspid="235" ordinal="2" offset="21" sl="84" path="0" offsetend="23" fileid="6" />
                <BranchPoint vc="0" uspid="236" ordinal="3" offset="21" sl="84" path="1" offsetend="34" fileid="6" />
              </BranchPoints>
              <MethodPoint xsi:type="SequencePoint" vc="1" uspid="228" ordinal="0" offset="0" sl="83" sc="13" el="83" ec="14" bec="0" bev="0" fileid="6" />
            </Method>
            <Method visited="true" cyclomaticComplexity="1" nPathComplexity="0" sequenceCoverage="100" branchCoverage="100" crapScore="1" isConstructor="true" isStatic="false" isGetter="false" isSetter="false">
              <Summary numSequencePoints="6" visitedSequencePoints="6" numBranchPoints="1" visitedBranchPoints="1" sequenceCoverage="100" branchCoverage="100" maxCyclomaticComplexity="1" minCyclomaticComplexity="1" maxCrapScore="1" minCrapScore="1" visitedClasses="0" numClasses="0" visitedMethods="1" numMethods="1" />
              <MetadataToken>100663318</MetadataToken>
              <Name>System.Void Лаба9.CarParkingArray::.ctor()</Name>
              <FileRef uid="6" />
              <SequencePoints>
                <SequencePoint vc="3" uspid="237" ordinal="0" offset="0" sl="19" sc="9" el="19" ec="33" bec="0" bev="0" fileid="6" />
                <SequencePoint vc="3" uspid="238" ordinal="1" offset="7" sl="20" sc="9" el="20" ec="10" bec="0" bev="0" fileid="6" />
                <SequencePoint vc="3" uspid="239" ordinal="2" offset="8" sl="21" sc="13" el="21" ec="41" bec="0" bev="0" fileid="6" />
                <SequencePoint vc="3" uspid="240" ordinal="3" offset="20" sl="22" sc="13" el="22" ec="43" bec="0" bev="0" fileid="6" />
                <SequencePoint vc="3" uspid="241" ordinal="4" offset="33" sl="23" sc="13" el="23" ec="21" bec="0" bev="0" fileid="6" />
                <SequencePoint vc="3" uspid="242" ordinal="5" offset="45" sl="24" sc="9" el="24" ec="10" bec="0" bev="0" fileid="6" />
              </SequencePoints>
              <BranchPoints />
              <MethodPoint xsi:type="SequencePoint" vc="3" uspid="237" ordinal="0" offset="0" sl="19" sc="9" el="19" ec="33" bec="0" bev="0" fileid="6" />
            </Method>
[...]
              </SequencePoints>
              <BranchPoints>
                <BranchPoint vc="0" uspid="316" ordinal="0" offset="30" sl="18" path="0" offsetend="32" fileid="7" />
                <BranchPoint vc="0" uspid="317" ordinal="1" offset="30" sl="18" path="1" offsetend="45" fileid="7" />
                <BranchPoint vc="0" uspid="318" ordinal="2" offset="54" sl="23" path="0" offsetend="56" fileid="7" />
                <BranchPoint vc="0" uspid="319" ordinal="3" offset="54" sl="23" path="1" offsetend="1" fileid="7" />
              </BranchPoints>
              <MethodPoint xsi:type="SequencePoint" vc="0" uspid="303" ordinal="0" offset="0" sl="8" sc="9" el="8" ec="10" bec="0" bev="0" fileid="7" />
            </Method>
            <Method visited="false" cyclomaticComplexity="5" nPathComplexity="16" sequenceCoverage="0" branchCoverage="0" crapScore="30" isConstructor="false" isStatic="true" isGetter="false" isSetter="false">
              <Summary numSequencePoints="21" visitedSequencePoints="0" numBranchPoints="9" visitedBranchPoints="0" sequenceCoverage="0" branchCoverage="0" maxCyclomaticComplexity="5" minCyclomaticComplexity="5" maxCrapScore="30" minCrapScore="30" visitedClasses="0" numClasses="0" visitedMethods="0" numMethods="1" />
              <MetadataToken>100663328</MetadataToken>
              <Name>System.Int32 Лаба9.Program::MinOccupancy(Лаба9.CarParkingArray,System.Double&amp;,System.Int32&amp;)</Name>
              <FileRef uid="7" />
              <SequencePoints>
                <SequencePoint vc="0" uspid="320" ordinal="0" offset="0" sl="29" sc="9" el="29" ec="10" bec="0" bev="0" fileid="7" />
                <SequencePoint vc="0" uspid="321" ordinal="1" offset="1" sl="30" sc="13" el="30" ec="51" bec="4" bev="0" fileid="7" />
                <SequencePoint vc="0" uspid="322" ordinal="2" offset="26" sl="31" sc="13" el="31" ec="14" bec="0" bev="0" fileid="7" />
                <SequencePoint vc="0" uspid="323" ordinal="3" offset="27" sl="32" sc="17" el="32" ec="55" bec="0" bev="0" fileid="7" />
                <SequencePoint vc="0" uspid="324" ordinal="4" offset="38" sl="33" sc="13" el="33" ec="14" bec="0" bev="0" fileid="7" />
                <SequencePoint vc="0" uspid="325" ordinal="5" offset="39" sl="34" sc="13" el="34" ec="25" bec="0" bev="0" fileid="7" />
                <SequencePoint vc="0" uspid="326" ordinal="6" offset="42" sl="35" sc="13" el="35" ec="25" bec="0" bev="0" fileid="7" />
                <SequencePoint vc="0" uspid="327" ordinal="7" offset="53" sl="36" sc="13" el="36" ec="27" bec="0" bev="0" fileid="7" />
                <SequencePoint vc="0" uspid="328" ordinal="8" offset="55" sl="37" sc="18" el="37" ec="27" bec="0" bev="0" fileid="7" />
                <SequencePoint vc="0" uspid="329" ordinal="9" offset="59" sl="38" sc="13" el="38" ec="14" bec="0" bev="0" fileid="7" />
                <SequencePoint vc="0" uspid="330" ordinal="10" offset="60" sl="39" sc="17" el="39" ec="58" bec="2" bev="0" fileid="7" />
                <SequencePoint vc="0" uspid="331" ordinal="11" offset="80" sl="40" sc="17" el="40" ec="18" bec="0" bev="0" fileid="7" />
                <SequencePoint vc="0" uspid="332" ordinal="12" offset="81" sl="41" sc="21" el="41" ec="58" bec="0" bev="0" fileid="7" />
                <SequencePoint vc="0" uspid="333" ordinal="13" offset="95" sl="42" sc="21" el="42" ec="60" bec="0" bev="0" fileid="7" />
                <SequencePoint vc="0" uspid="334" ordinal="14" offset="121" sl="43" sc="21" el="43" ec="34" bec="0" bev="0" fileid="7" />
                <SequencePoint vc="0" uspid="335" ordinal="15" offset="126" sl="44" sc="17" el="44" ec="18" bec="0" bev="0" fileid="7" />
                <SequencePoint vc="0" uspid="336" ordinal="16" offset="127" sl="45" sc="13" el="45" ec="14" bec="0" bev="0" fileid="7" />
                <SequencePoint vc="0" uspid="337" ordinal="17" offset="128" sl="37" sc="44" el="37" ec="47" bec="0" bev="0" fileid="7" />
                <SequencePoint vc="0" uspid="338" ordinal="18" offset="132" sl="37" sc="29" el="37" ec="42" bec="2" bev="0" fileid="7" />
                <SequencePoint vc="0" uspid="339" ordinal="19" offset="147" sl="46" sc="13" el="46" ec="26" bec="0" bev="0" fileid="7" />
                <SequencePoint vc="0" uspid="340" ordinal="20" offset="152" sl="47" sc="9" el="47" ec="10" bec="0" bev="0" fileid="7" />
              </SequencePoints>
              <BranchPoints>
                <BranchPoint vc="0" uspid="341" ordinal="0" offset="2" sl="30" path="0" offsetend="4" fileid="7" />
                <BranchPoint vc="0" uspid="342" ordinal="1" offset="2" sl="30" path="1" offsetend="21" fileid="7" />
                <BranchPoint vc="0" uspid="343" ordinal="2" offset="24" sl="30" path="0" offsetend="26" fileid="7" />
                <BranchPoint vc="0" uspid="344" ordinal="3" offset="24" sl="30" path="1" offsetend="39" fileid="7" />
                <BranchPoint vc="0" uspid="345" ordinal="4" offset="78" sl="39" path="0" offsetend="80" fileid="7" />
                <BranchPoint vc="0" uspid="346" ordinal="5" offset="78" sl="39" path="1" offsetend="127" fileid="7" />
                <BranchPoint vc="0" uspid="347" ordinal="6" offset="145" sl="37" path="0" offsetend="147" fileid="7" />
                <BranchPoint vc="0" uspid="348" ordinal="7" offset="145" sl="37" path="1" offsetend="59" fileid="7" />
              </BranchPoints>
              <MethodPoint xsi:type="SequencePoint" vc="0" uspid="320" ordinal="0" offset="0" sl="29" sc="9" el="29" ec="10" bec="0" bev="0" fileid="7" />
            </Method>
            <Method visited="false" cyclomaticComplexity="1" nPathComplexity="0" sequenceCoverage="0" branchCoverage="0" crapScore="2" isConstructor="false" isStatic="true" isGetter="false" isSetter="false">
              <Summary numSequencePoints="90" visitedSequencePoints="0" numBranchPoints="1" visitedBranchPoints="0" sequenceCoverage="0" branchCoverage="0" maxCyclomaticComplexity="1" minCyclomaticComplexity="1" maxCrapScore="2" minCrapScore="2" visitedClasses="0" numClasses="0" visitedMethods="0" numMethods="1" />
              <MetadataToken>100663329</MetadataToken>
              <Name>System.Void Лаба9.Program::Main(System.String[])</Name>
              <FileRef uid="7" />
              <SequencePoints>
                <SequencePoint vc="0" uspid="349" ordinal="0" offset="0" sl="49" sc="9" el="49" ec="10" bec="0" bev="0" fileid="7" />
                <SequencePoint vc="0" uspid="350" ordinal="1" offset="1" sl="51" sc="13" el="51" ec="94" bec="0" bev="0" fileid="7" />
                <SequencePoint vc="0" uspid="351" ordinal="2" offset="12" sl="52" sc="13" el="52" ec="88" bec="0" bev="0" fileid="7" />
                <SequencePoint vc="0" uspid="352" ordinal="3" offset="23" sl="54" sc="13" el="54" ec="94" bec="0" bev="0" fileid="7" />
                <SequencePoint vc="0" uspid="353" ordinal="4" offset="34" sl="55" sc="13" el="55" ec="88" bec="0" bev="0" fileid="7" />
                <SequencePoint vc="0" uspid="354" ordinal="5" offset="45" sl="60" sc="13" el="60" ec="71" bec="0" bev="0" fileid="7" />
                <SequencePoint vc="0" uspid="355" ordinal="6" offset="56" sl="62" sc="13" el="62" ec="47" bec="0" bev="0" fileid="7" />
                <SequencePoint vc="0" uspid="356" ordinal="7" offset="63" sl="63" sc="13" el="63" ec="47" bec="0" bev="0" fileid="7" />
                <SequencePoint vc="0" uspid="357" ordinal="8" offset="76" sl="66" sc="13" el="66" ec="88" bec="0" bev="0" fileid="7" />
                <SequencePoint vc="0" uspid="358" ordinal="9" offset="97" sl="67" sc="13" el="67" ec="100" bec="0" bev="0" fileid="7" />
                <SequencePoint vc="0" uspid="359" ordinal="10" offset="125" sl="70" sc="13" el="70" ec="62" bec="0" bev="0" fileid="7" />
                <SequencePoint vc="0" uspid="360" ordinal="11" offset="134" sl="71" sc="13" el="71" ec="93" bec="0" bev="0" fileid="7" />
                <SequencePoint vc="0" uspid="361" ordinal="12" offset="162" sl="73" sc="13" el="73" ec="89" bec="0" bev="0" fileid="7" />
                <SequencePoint vc="0" uspid="362" ordinal="13" offset="173" sl="75" sc="13" el="75" ec="60" bec="0" bev="0" fileid="7" />
                <SequencePoint vc="0" uspid="363" ordinal="14" offset="182" sl="76" sc="13" el="76" ec="47" bec="0" bev="0" fileid="7" />
                <SequencePoint vc="0" uspid="364" ordinal="15" offset="195" sl="79" sc="13" el="79" ec="88" bec="0" bev="0" fileid="7" />
                <SequencePoint vc="0" uspid="365" ordinal="16" offset="216" sl="80" sc="13" el="80" ec="100" bec="0" bev="0" fileid="7" />
                <SequencePoint vc="0" uspid="366" ordinal="17" offset="244" sl="83" sc="13" el="83" ec="62" bec="0" bev="0" fileid="7" />
                <SequencePoint vc="0" uspid="367" ordinal="18" offset="253" sl="84" sc="13" el="84" ec="93" bec="0" bev="0" fileid="7" />
                <SequencePoint vc="0" uspid="368" ordinal="19" offset="281" sl="86" sc="13" el="86" ec="93" bec="0" bev="0" fileid="7" />
                <SequencePoint vc="0" uspid="369" ordinal="20" offset="292" sl="88" sc="13" el="88" ec="50" bec="0" bev="0" fileid="7" />
                <SequencePoint vc="0" uspid="370" ordinal="21" offset="301" sl="89" sc="13" el="89" ec="47" bec="0" bev="0" fileid="7" />
                <SequencePoint vc="0" uspid="371" ordinal="22" offset="314" sl="93" sc="13" el="93" ec="86" bec="0" bev="0" fileid="7" />
                <SequencePoint vc="0" uspid="372" ordinal="23" offset="325" sl="94" sc="13" el="94" ec="47" bec="0" bev="0" fileid="7" />
                <SequencePoint vc="0" uspid="373" ordinal="24" offset="338" sl="95" sc="13" el="95" ec="72" bec="0" bev="0" fileid="7" />
                <SequencePoint vc="0" uspid="374" ordinal="25" offset="349" sl="96" sc="13" el="96" ec="19" bec="0" bev="0" fileid="7" />
                <SequencePoint vc="0" uspid="375" ordinal="26" offset="358" sl="97" sc="13" el="97" ec="47" bec="0" bev="0" fileid="7" />
                <SequencePoint vc="0" uspid="376" ordinal="27" offset="371" sl="98" sc="13" el="98" ec="72" bec="0" bev="0" fileid="7" />
                <SequencePoint vc="0" uspid="377" ordinal="28" offset="382" sl="99" sc="13" el="99" ec="19" bec="0" bev="0" fileid="7" />
                <SequencePoint vc="0" uspid="378" ordinal="29" offset="391" sl="100" sc="13" el="100" ec="47" bec="0" bev="0" fileid="7" />
                <SequencePoint vc="0" uspid="379" ordinal="30" offset="404" sl="104" sc="13" el="104" ec="88" bec="0" bev="0" fileid="7" />
                <SequencePoint vc="0" uspid="380" ordinal="31" offset="415" sl="105" sc="13" el="105" ec="30" bec="0" bev="0" fileid="7" />
                <SequencePoint vc="0" uspid="381" ordinal="32" offset="424" sl="106" sc="13" el="106" ec="142" bec="0" bev="0" fileid="7" />
                <SequencePoint vc="0" uspid="382" ordinal="33" offset="454" sl="108" sc="13" el="108" ec="32" bec="0" bev="0" fileid="7" />
                <SequencePoint vc="0" uspid="383" ordinal="34" offset="463" sl="109" sc="13" el="109" ec="80" bec="0" bev="0" fileid="7" />
                <SequencePoint vc="0" uspid="384" ordinal="35" offset="486" sl="112" sc="13" el="112" ec="80" bec="0" bev="0" fileid="7" />
                <SequencePoint vc="0" uspid="385" ordinal="36" offset="497" sl="113" sc="13" el="113" ec="60" bec="0" bev="0" fileid="7" />
                <SequencePoint vc="0" uspid="386" ordinal="37" offset="506" sl="114" sc="13" el="114" ec="47" bec="0" bev="0" fileid="7" />
                <SequencePoint vc="0" uspid="387" ordinal="38" offset="519" sl="115" sc="13" el="115" ec="47" bec="0" bev="0" fileid="7" />
                <SequencePoint vc="0" uspid="388" ordinal="39" offset="532" sl="116" sc="13" el="116" ec="40" bec="0" bev="0" fileid="7" />
                <SequencePoint vc="0" uspid="389" ordinal="40" offset="543" sl="117" sc="13" el="117" ec="140" bec="0" bev="0" fileid="7" />
                <SequencePoint vc="0" uspid="390" ordinal="41" offset="583" sl="118" sc="13" el="118" ec="140" bec="0" bev="0" fileid="7" />
                <SequencePoint vc="0" uspid="391" ordinal="42" offset="613" sl="119" sc="13" el="119" ec="140" bec="0" bev="0" fileid="7" />
                <SequencePoint vc="0" uspid="392" ordinal="43" offset="643" sl="122" sc="13" el="122" ec="75" bec="0" bev="0" fileid="7" />
                <SequencePoint vc="0" uspid="393" ordinal="44" offset="654" sl="123" sc="13" el="123" ec="43" bec="0" bev="0" fileid="7" />
                <SequencePoint vc="0" uspid="394" ordinal="45" offset="665" sl="124" sc="13" el="124" ec="83" bec="0" bev="0" fileid="7" />
                <SequencePoint vc="0" uspid="395" ordinal="46" offset="688" sl="127" sc="13" el="127" ec="65" bec="0" bev="0" fileid="7" />
                <SequencePoint vc="0" uspid="396" ordinal="47" offset="699" sl="129" sc="13" el="129" ec="71" bec="0" bev="0" fileid="7" />
                <SequencePoint vc="0" uspid="397" ordinal="48" offset="710" sl="131" sc="13" el="131" ec="57" bec="0" bev="0" fileid="7" />
                <SequencePoint vc="0" uspid="398" ordinal="49" offset="717" sl="132" sc="13" el="132" ec="24" bec="0" bev="0" fileid="7" />
                <SequencePoint vc="0" uspid="399" ordinal="50" offset="725" sl="134" sc="13" el="134" ec="80" bec="0" bev="0" fileid="7" />
                <SequencePoint vc="0" uspid="400" ordinal="51" offset="736" sl="136" sc="13" el="136" ec="58" bec="0" bev="0" fileid="7" />
                <SequencePoint vc="0" uspid="401" ordinal="52" offset="744" sl="137" sc="13" el="137" ec="24" bec="0" bev="0" fileid="7" />
                <SequencePoint vc="0" uspid="402" ordinal="53" offset="752" sl="139" sc="13" el="139" ec="91" bec="0" bev="0" fileid="7" />
                <SequencePoint vc="0" uspid="403" ordinal="54" offset="763" sl="142" sc="13" el="142" ec="14" bec="0" bev="0" fileid="7" />
                <SequencePoint vc="0" uspid="404" ordinal="55" offset="764" sl="143" sc="17" el="143" ec="65" bec="0" bev="0" fileid="7" />
                <SequencePoint vc="0" uspid="405" ordinal="56" offset="773" sl="144" sc="17" el="144" ec="28" bec="0" bev="0" fileid="7" />
                <SequencePoint vc="0" uspid="406" ordinal="57" offset="781" sl="145" sc="13" el="145" ec="14" bec="0" bev="0" fileid="7" />
                <SequencePoint vc="0" uspid="407" ordinal="58" offset="784" sl="146" sc="13" el="146" ec="32" bec="0" bev="0" fileid="7" />
                <SequencePoint vc="0" uspid="408" ordinal="59" offset="786" sl="147" sc="13" el="147" ec="14" bec="0" bev="0" fileid="7" />
                <SequencePoint vc="0" uspid="409" ordinal="60" offset="787" sl="148" sc="17" el="148" ec="46" bec="0" bev="0" fileid="7" />
                <SequencePoint vc="0" uspid="410" ordinal="61" offset="800" sl="149" sc="13" el="149" ec="14" bec="0" bev="0" fileid="7" />
                <SequencePoint vc="0" uspid="411" ordinal="62" offset="805" sl="151" sc="13" el="151" ec="14" bec="0" bev="0" fileid="7" />
                <SequencePoint vc="0" uspid="412" ordinal="63" offset="806" sl="152" sc="17" el="152" ec="65" bec="0" bev="0" fileid="7" />
                <SequencePoint vc="0" uspid="413" ordinal="64" offset="817" sl="153" sc="13" el="153" ec="14" bec="0" bev="0" fileid="7" />
                <SequencePoint vc="0" uspid="414" ordinal="65" offset="819" sl="154" sc="13" el="154" ec="94" bec="0" bev="0" fileid="7" />
                <SequencePoint vc="0" uspid="415" ordinal="66" offset="830" sl="156" sc="13" el="156" ec="60" bec="0" bev="0" fileid="7" />
                <SequencePoint vc="0" uspid="416" ordinal="67" offset="839" sl="157" sc="13" el="157" ec="24" bec="0" bev="0" fileid="7" />
                <SequencePoint vc="0" uspid="417" ordinal="68" offset="847" sl="159" sc="13" el="159" ec="77" bec="0" bev="0" fileid="7" />
                <SequencePoint vc="0" uspid="418" ordinal="69" offset="858" sl="160" sc="13" el="160" ec="43" bec="0" bev="0" fileid="7" />
                <SequencePoint vc="0" uspid="419" ordinal="70" offset="874" sl="161" sc="13" el="161" ec="24" bec="0" bev="0" fileid="7" />
                <SequencePoint vc="0" uspid="420" ordinal="71" offset="882" sl="162" sc="13" el="162" ec="98" bec="0" bev="0" fileid="7" />
                <SequencePoint vc="0" uspid="421" ordinal="72" offset="893" sl="163" sc="13" el="163" ec="50" bec="0" bev="0" fileid="7" />
                <SequencePoint vc="0" uspid="422" ordinal="73" offset="912" sl="165" sc="13" el="165" ec="83" bec="0" bev="0" fileid="7" />
                <SequencePoint vc="0" uspid="423" ordinal="74" offset="923" sl="167" sc="13" el="167" ec="14" bec="0" bev="0" fileid="7" />
                <SequencePoint vc="0" uspid="424" ordinal="75" offset="924" sl="168" sc="17" el="168" ec="49" bec="0" bev="0" fileid="7" />
                <SequencePoint vc="0" uspid="425" ordinal="76" offset="941" sl="169" sc="17" el="169" ec="28" bec="0" bev="0" fileid="7" />
                <SequencePoint vc="0" uspid="426" ordinal="77" offset="949" sl="170" sc="17" el="170" ec="104" bec="0" bev="0" fileid="7" />
                <SequencePoint vc="0" uspid="427" ordinal="78" offset="960" sl="171" sc="17" el="171" ec="55" bec="0" bev="0" fileid="7" />
                <SequencePoint vc="0" uspid="428" ordinal="79" offset="980" sl="172" sc="13" el="172" ec="14" bec="0" bev="0" fileid="7" />
                <SequencePoint vc="0" uspid="429" ordinal="80" offset="983" sl="173" sc="13" el="173" ec="32" bec="0" bev="0" fileid="7" />
                <SequencePoint vc="0" uspid="430" ordinal="81" offset="985" sl="174" sc="13" el="174" ec="14" bec="0" bev="0" fileid="7" />
                <SequencePoint vc="0" uspid="431" ordinal="82" offset="986" sl="175" sc="17" el="175" ec="46" bec="0" bev="0" fileid="7" />
                <SequencePoint vc="0" uspid="432" ordinal="83" offset="999" sl="176" sc="13" el="176" ec="14" bec="0" bev="0" fileid="7" />
                <SequencePoint vc="0" uspid="433" ordinal="84" offset="1002" sl="178" sc="13" el="178" ec="112" bec="0" bev="0" fileid="7" />
                <SequencePoint vc="0" uspid="434" ordinal="85" offset="1013" sl="179" sc="13" el="179" ec="80" bec="0" bev="0" fileid="7" />
                <SequencePoint vc="0" uspid="435" ordinal="86" offset="1026" sl="180" sc="13" el="180" ec="143" bec="0" bev="0" fileid="7" />
                <SequencePoint vc="0" uspid="436" ordinal="87" offset="1063" sl="183" sc="13" el="183" ec="113" bec="0" bev="0" fileid="7" />
                <SequencePoint vc="0" uspid="437" ordinal="88" offset="1093" sl="184" sc="13" el="184" ec="118" bec="0" bev="0" fileid="7" />
                <SequencePoint vc="0" uspid="438" ordinal="89" offset="1123" sl="185" sc="9" el="185" ec="10" bec="0" bev="0" fileid="7" />
              </SequencePoints>
              <BranchPoints />
              <MethodPoint xsi:type="SequencePoint" vc="0" uspid="349" ordinal="0" offset="0" sl="49" sc="9" el="49" ec="10" bec="0" bev="0" fileid="7" />
            </Method>
            <Method visited="false" cyclomaticComplexity="1" nPathComplexity="0" sequenceCoverage="0" branchCoverage="0" crapScore="2" isConstructor="true" isStatic="false" isGetter="false" isSetter="false">
              <Summary numSequencePoints="0" visitedSequencePoints="0" numBranchPoints="0" visitedBranchPoints="0" sequenceCoverage="0" branchCoverage="0" maxCyclomaticComplexity="1" minCyclomaticComplexity="1" maxCrapScore="2" minCrapScore="2" visitedClasses="0" numClasses="0" visitedMethods="0" numMethods="0" />
              <MetadataToken>100663330</MetadataToken>
              <Name>System.Void Лаба9.Program::.ctor()</Name>
              <SequencePoints />
              <BranchPoints />
              <MethodPoint vc="0" uspid="439" ordinal="0" offset="0" />
            </Method>
          </Methods>
        </Class>
      </Classes>
    </Module>
  </Modules>
</CoverageSession>